[2m2022-11-18 02:58:24.148[0;39m [32m INFO[0;39m [35m29888[0;39m [2m---[0;39m [2m[(112)-127.0.0.1][0;39m [36minMXBeanRegistrar$SpringApplicationAdmin[0;39m [2m:[0;39m Application shutdown requested.
[2m2022-11-18 02:58:26.329[0;39m [33m WARN[0;39m [35m29888[0;39m [2m---[0;39m [2m[(112)-127.0.0.1][0;39m [36mo.a.c.loader.WebappClassLoaderBase      [0;39m [2m:[0;39m The web application [vue] appears to have started a thread named [HikariPool-1 housekeeper] but has failed to stop it. This is very likely to create a memory leak. Stack trace of thread:
 sun.misc.Unsafe.park(Native Method)
 java.util.concurrent.locks.LockSupport.parkNanos(LockSupport.java:215)
 java.util.concurrent.locks.AbstractQueuedSynchronizer$ConditionObject.awaitNanos(AbstractQueuedSynchronizer.java:2078)
 java.util.concurrent.ScheduledThreadPoolExecutor$DelayedWorkQueue.take(ScheduledThreadPoolExecutor.java:1093)
 java.util.concurrent.ScheduledThreadPoolExecutor$DelayedWorkQueue.take(ScheduledThreadPoolExecutor.java:809)
 java.util.concurrent.ThreadPoolExecutor.getTask(ThreadPoolExecutor.java:1074)
 java.util.concurrent.ThreadPoolExecutor.runWorker(ThreadPoolExecutor.java:1134)
 java.util.concurrent.ThreadPoolExecutor$Worker.run(ThreadPoolExecutor.java:624)
 java.lang.Thread.run(Thread.java:748)
[2m2022-11-18 09:39:29.023[0;39m [32m INFO[0;39m [35m11564[0;39m [2m---[0;39m [2m[           main][0;39m [36mo.s.b.w.embedded.tomcat.TomcatWebServer [0;39m [2m:[0;39m Tomcat initialized with port(s): 9999 (http)
[2m2022-11-18 09:39:29.242[0;39m [32m INFO[0;39m [35m11564[0;39m [2m---[0;39m [2m[           main][0;39m [36mw.s.c.ServletWebServerApplicationContext[0;39m [2m:[0;39m Root WebApplicationContext: initialization completed in 2567 ms
[2m2022-11-18 09:39:30.838[0;39m [32m INFO[0;39m [35m11564[0;39m [2m---[0;39m [2m[           main][0;39m [36mo.s.b.w.embedded.tomcat.TomcatWebServer [0;39m [2m:[0;39m Tomcat started on port(s): 9999 (http) with context path '/vue'
[2m2022-11-18 09:39:38.817[0;39m [32m INFO[0;39m [35m11564[0;39m [2m---[0;39m [2m[nio-9999-exec-1][0;39m [36mo.s.web.servlet.DispatcherServlet       [0;39m [2m:[0;39m Initializing Servlet 'dispatcherServlet'
[2m2022-11-18 09:39:38.818[0;39m [32m INFO[0;39m [35m11564[0;39m [2m---[0;39m [2m[nio-9999-exec-1][0;39m [36mo.s.web.servlet.DispatcherServlet       [0;39m [2m:[0;39m Completed initialization in 1 ms
[2m2022-11-18 09:39:39.491[0;39m [32mDEBUG[0;39m [35m11564[0;39m [2m---[0;39m [2m[nio-9999-exec-2][0;39m [36mc.ssafy.vue.controller.MemberController [0;39m [2m:[0;39m 로그인 accessToken 정보 : eyJ0eXAiOiJKV1QiLCJyZWdEYXRlIjoxNjY4NzMxOTc5Mzk0LCJhbGciOiJIUzI1NiJ9.eyJleHAiOjE2Njg3MzE5ODksInN1YiI6ImFjY2Vzcy10b2tlbiIsInVzZXJpZCI6InNzYWZ5In0.7cqcIfTSnfu28gU1dR5ORE_kAhiSWGtA3mJ4QxUzz9Y
[2m2022-11-18 09:39:39.493[0;39m [32mDEBUG[0;39m [35m11564[0;39m [2m---[0;39m [2m[nio-9999-exec-2][0;39m [36mc.ssafy.vue.controller.MemberController [0;39m [2m:[0;39m 로그인 refreshToken 정보 : eyJ0eXAiOiJKV1QiLCJyZWdEYXRlIjoxNjY4NzMxOTc5NDcyLCJhbGciOiJIUzI1NiJ9.eyJleHAiOjE2Njg3MzIwMDksInN1YiI6InJlZnJlc2gtdG9rZW4iLCJ1c2VyaWQiOiJzc2FmeSJ9.4DFae587bz3zASSaX5DcDgf62BQCuUW6O6B0O5D-4Cs
[2m2022-11-18 09:39:39.577[0;39m [32m INFO[0;39m [35m11564[0;39m [2m---[0;39m [2m[nio-9999-exec-4][0;39m [36mc.ssafy.vue.controller.MemberController [0;39m [2m:[0;39m 사용 가능한 토큰!!!
[2m2022-11-18 09:40:29.751[0;39m [32mDEBUG[0;39m [35m11564[0;39m [2m---[0;39m [2m[nio-9999-exec-5][0;39m [36mpertySourcedRequestMappingHandlerMapping[0;39m [2m:[0;39m looking up handler for path: /user/logout/ssafy
[2m2022-11-18 09:40:29.770[0;39m [32mDEBUG[0;39m [35m11564[0;39m [2m---[0;39m [2m[nio-9999-exec-6][0;39m [36mpertySourcedRequestMappingHandlerMapping[0;39m [2m:[0;39m looking up handler for path: /user/logout/ssafy
[2m2022-11-18 09:40:29.775[0;39m [32mDEBUG[0;39m [35m11564[0;39m [2m---[0;39m [2m[nio-9999-exec-6][0;39m [36morg.mybatis.spring.SqlSessionUtils      [0;39m [2m:[0;39m Creating a new SqlSession
[2m2022-11-18 09:40:29.776[0;39m [32mDEBUG[0;39m [35m11564[0;39m [2m---[0;39m [2m[nio-9999-exec-6][0;39m [36morg.mybatis.spring.SqlSessionUtils      [0;39m [2m:[0;39m SqlSession [org.apache.ibatis.session.defaults.DefaultSqlSession@1f13811f] was not registered for synchronization because synchronization is not active
[2m2022-11-18 09:40:29.778[0;39m [32mDEBUG[0;39m [35m11564[0;39m [2m---[0;39m [2m[nio-9999-exec-6][0;39m [36mo.m.s.t.SpringManagedTransaction        [0;39m [2m:[0;39m JDBC Connection [HikariProxyConnection@299134093 wrapping com.mysql.cj.jdbc.ConnectionImpl@15ebea6f] will not be managed by Spring
[2m2022-11-18 09:40:29.787[0;39m [32mDEBUG[0;39m [35m11564[0;39m [2m---[0;39m [2m[nio-9999-exec-6][0;39m [36morg.mybatis.spring.SqlSessionUtils      [0;39m [2m:[0;39m Closing non transactional SqlSession [org.apache.ibatis.session.defaults.DefaultSqlSession@1f13811f]
[2m2022-11-18 09:40:36.542[0;39m [32m INFO[0;39m [35m11564[0;39m [2m---[0;39m [2m[on(9)-127.0.0.1][0;39m [36minMXBeanRegistrar$SpringApplicationAdmin[0;39m [2m:[0;39m Application shutdown requested.
[2m2022-11-18 09:40:38.997[0;39m [33m WARN[0;39m [35m11564[0;39m [2m---[0;39m [2m[on(9)-127.0.0.1][0;39m [36mo.a.c.loader.WebappClassLoaderBase      [0;39m [2m:[0;39m The web application [vue] appears to have started a thread named [HikariPool-1 housekeeper] but has failed to stop it. This is very likely to create a memory leak. Stack trace of thread:
 sun.misc.Unsafe.park(Native Method)
 java.util.concurrent.locks.LockSupport.parkNanos(LockSupport.java:215)
 java.util.concurrent.locks.AbstractQueuedSynchronizer$ConditionObject.awaitNanos(AbstractQueuedSynchronizer.java:2078)
 java.util.concurrent.ScheduledThreadPoolExecutor$DelayedWorkQueue.take(ScheduledThreadPoolExecutor.java:1093)
 java.util.concurrent.ScheduledThreadPoolExecutor$DelayedWorkQueue.take(ScheduledThreadPoolExecutor.java:809)
 java.util.concurrent.ThreadPoolExecutor.getTask(ThreadPoolExecutor.java:1074)
 java.util.concurrent.ThreadPoolExecutor.runWorker(ThreadPoolExecutor.java:1134)
 java.util.concurrent.ThreadPoolExecutor$Worker.run(ThreadPoolExecutor.java:624)
 java.lang.Thread.run(Thread.java:748)
[2m2022-11-18 09:40:39.012[0;39m [32m INFO[0;39m [35m11564[0;39m [2m---[0;39m [2m[on(9)-127.0.0.1][0;39m [36mcom.zaxxer.hikari.HikariDataSource      [0;39m [2m:[0;39m HikariPool-1 - Shutdown initiated...
[2m2022-11-18 09:40:39.013[0;39m [32mDEBUG[0;39m [35m11564[0;39m [2m---[0;39m [2m[on(9)-127.0.0.1][0;39m [36mcom.zaxxer.hikari.pool.HikariPool       [0;39m [2m:[0;39m HikariPool-1 - Before shutdown stats (total=10, active=0, idle=10, waiting=0)
[2m2022-11-18 09:40:39.014[0;39m [32mDEBUG[0;39m [35m11564[0;39m [2m---[0;39m [2m[nnection closer][0;39m [36mcom.zaxxer.hikari.pool.PoolBase         [0;39m [2m:[0;39m HikariPool-1 - Closing connection com.mysql.cj.jdbc.ConnectionImpl@15ebea6f: (connection evicted)
[2m2022-11-18 09:40:39.016[0;39m [32mDEBUG[0;39m [35m11564[0;39m [2m---[0;39m [2m[nnection closer][0;39m [36mcom.zaxxer.hikari.pool.PoolBase         [0;39m [2m:[0;39m HikariPool-1 - Closing connection com.mysql.cj.jdbc.ConnectionImpl@6c44b0e2: (connection evicted)
[2m2022-11-18 09:40:39.018[0;39m [32mDEBUG[0;39m [35m11564[0;39m [2m---[0;39m [2m[nnection closer][0;39m [36mcom.zaxxer.hikari.pool.PoolBase         [0;39m [2m:[0;39m HikariPool-1 - Closing connection com.mysql.cj.jdbc.ConnectionImpl@6283531a: (connection evicted)
[2m2022-11-18 09:40:39.020[0;39m [32mDEBUG[0;39m [35m11564[0;39m [2m---[0;39m [2m[nnection closer][0;39m [36mcom.zaxxer.hikari.pool.PoolBase         [0;39m [2m:[0;39m HikariPool-1 - Closing connection com.mysql.cj.jdbc.ConnectionImpl@66bcdb92: (connection evicted)
[2m2022-11-18 09:40:39.022[0;39m [32mDEBUG[0;39m [35m11564[0;39m [2m---[0;39m [2m[nnection closer][0;39m [36mcom.zaxxer.hikari.pool.PoolBase         [0;39m [2m:[0;39m HikariPool-1 - Closing connection com.mysql.cj.jdbc.ConnectionImpl@23be5921: (connection evicted)
[2m2022-11-18 09:40:39.024[0;39m [32mDEBUG[0;39m [35m11564[0;39m [2m---[0;39m [2m[nnection closer][0;39m [36mcom.zaxxer.hikari.pool.PoolBase         [0;39m [2m:[0;39m HikariPool-1 - Closing connection com.mysql.cj.jdbc.ConnectionImpl@6ab43e14: (connection evicted)
[2m2022-11-18 09:40:39.025[0;39m [32mDEBUG[0;39m [35m11564[0;39m [2m---[0;39m [2m[nnection closer][0;39m [36mcom.zaxxer.hikari.pool.PoolBase         [0;39m [2m:[0;39m HikariPool-1 - Closing connection com.mysql.cj.jdbc.ConnectionImpl@12d7bbdb: (connection evicted)
[2m2022-11-18 09:40:39.027[0;39m [32mDEBUG[0;39m [35m11564[0;39m [2m---[0;39m [2m[nnection closer][0;39m [36mcom.zaxxer.hikari.pool.PoolBase         [0;39m [2m:[0;39m HikariPool-1 - Closing connection com.mysql.cj.jdbc.ConnectionImpl@12378258: (connection evicted)
[2m2022-11-18 09:40:39.029[0;39m [32mDEBUG[0;39m [35m11564[0;39m [2m---[0;39m [2m[nnection closer][0;39m [36mcom.zaxxer.hikari.pool.PoolBase         [0;39m [2m:[0;39m HikariPool-1 - Closing connection com.mysql.cj.jdbc.ConnectionImpl@4391a66e: (connection evicted)
[2m2022-11-18 09:40:39.031[0;39m [32mDEBUG[0;39m [35m11564[0;39m [2m---[0;39m [2m[nnection closer][0;39m [36mcom.zaxxer.hikari.pool.PoolBase         [0;39m [2m:[0;39m HikariPool-1 - Closing connection com.mysql.cj.jdbc.ConnectionImpl@89e6496: (connection evicted)
[2m2022-11-18 09:40:39.034[0;39m [32mDEBUG[0;39m [35m11564[0;39m [2m---[0;39m [2m[on(9)-127.0.0.1][0;39m [36mcom.zaxxer.hikari.pool.HikariPool       [0;39m [2m:[0;39m HikariPool-1 - After shutdown stats (total=0, active=0, idle=0, waiting=0)
[2m2022-11-18 09:40:39.034[0;39m [32m INFO[0;39m [35m11564[0;39m [2m---[0;39m [2m[on(9)-127.0.0.1][0;39m [36mcom.zaxxer.hikari.HikariDataSource      [0;39m [2m:[0;39m HikariPool-1 - Shutdown completed.
[2m2022-11-18 09:40:52.300[0;39m [32m INFO[0;39m [35m14892[0;39m [2m---[0;39m [2m[           main][0;39m [36mo.s.b.w.embedded.tomcat.TomcatWebServer [0;39m [2m:[0;39m Tomcat initialized with port(s): 9999 (http)
[2m2022-11-18 09:40:52.564[0;39m [32m INFO[0;39m [35m14892[0;39m [2m---[0;39m [2m[           main][0;39m [36mw.s.c.ServletWebServerApplicationContext[0;39m [2m:[0;39m Root WebApplicationContext: initialization completed in 3006 ms
[2m2022-11-18 09:40:54.409[0;39m [32m INFO[0;39m [35m14892[0;39m [2m---[0;39m [2m[           main][0;39m [36mo.s.b.w.embedded.tomcat.TomcatWebServer [0;39m [2m:[0;39m Tomcat started on port(s): 9999 (http) with context path '/vue'
[2m2022-11-18 09:42:13.601[0;39m [32m INFO[0;39m [35m14892[0;39m [2m---[0;39m [2m[nio-9999-exec-1][0;39m [36mo.s.web.servlet.DispatcherServlet       [0;39m [2m:[0;39m Initializing Servlet 'dispatcherServlet'
[2m2022-11-18 09:42:13.605[0;39m [32m INFO[0;39m [35m14892[0;39m [2m---[0;39m [2m[nio-9999-exec-1][0;39m [36mo.s.web.servlet.DispatcherServlet       [0;39m [2m:[0;39m Completed initialization in 3 ms
[2m2022-11-18 09:42:14.601[0;39m [32mDEBUG[0;39m [35m14892[0;39m [2m---[0;39m [2m[nio-9999-exec-2][0;39m [36mc.ssafy.vue.controller.MemberController [0;39m [2m:[0;39m 로그인 accessToken 정보 : eyJ0eXAiOiJKV1QiLCJyZWdEYXRlIjoxNjY4NzMyMTM0NDY3LCJhbGciOiJIUzI1NiJ9.eyJleHAiOjE2Njg3MzIxNDQsInN1YiI6ImFjY2Vzcy10b2tlbiIsInVzZXJpZCI6InNzYWZ5In0.okFCk2hcfj3bVkOs1kDahTnOVsbEkYzw2x9kgwPg5ng
[2m2022-11-18 09:42:14.604[0;39m [32mDEBUG[0;39m [35m14892[0;39m [2m---[0;39m [2m[nio-9999-exec-2][0;39m [36mc.ssafy.vue.controller.MemberController [0;39m [2m:[0;39m 로그인 refreshToken 정보 : eyJ0eXAiOiJKV1QiLCJyZWdEYXRlIjoxNjY4NzMyMTM0NTkzLCJhbGciOiJIUzI1NiJ9.eyJleHAiOjE2Njg3MzIxNjQsInN1YiI6InJlZnJlc2gtdG9rZW4iLCJ1c2VyaWQiOiJzc2FmeSJ9.ClSsNYg8vMxGFcKCAp_b7Uiqnok-UaVWWIMjJ-UjXgs
[2m2022-11-18 09:42:14.716[0;39m [32m INFO[0;39m [35m14892[0;39m [2m---[0;39m [2m[nio-9999-exec-3][0;39m [36mc.ssafy.vue.controller.MemberController [0;39m [2m:[0;39m 사용 가능한 토큰!!!
[2m2022-11-18 09:58:14.495[0;39m [32mDEBUG[0;39m [35m14892[0;39m [2m---[0;39m [2m[l-1 housekeeper][0;39m [36mcom.zaxxer.hikari.pool.HikariPool       [0;39m [2m:[0;39m HikariPool-1 - Pool stats (total=10, active=0, idle=10, waiting=0)
[2m2022-11-18 09:58:14.495[0;39m [32mDEBUG[0;39m [35m14892[0;39m [2m---[0;39m [2m[l-1 housekeeper][0;39m [36mcom.zaxxer.hikari.pool.HikariPool       [0;39m [2m:[0;39m HikariPool-1 - Fill pool skipped, pool is at sufficient level.
[2m2022-11-18 09:58:44.497[0;39m [32mDEBUG[0;39m [35m14892[0;39m [2m---[0;39m [2m[l-1 housekeeper][0;39m [36mcom.zaxxer.hikari.pool.HikariPool       [0;39m [2m:[0;39m HikariPool-1 - Pool stats (total=10, active=0, idle=10, waiting=0)
[2m2022-11-18 09:58:44.497[0;39m [32mDEBUG[0;39m [35m14892[0;39m [2m---[0;39m [2m[l-1 housekeeper][0;39m [36mcom.zaxxer.hikari.pool.HikariPool       [0;39m [2m:[0;39m HikariPool-1 - Fill pool skipped, pool is at sufficient level.
[2m2022-11-18 09:59:14.499[0;39m [32mDEBUG[0;39m [35m14892[0;39m [2m---[0;39m [2m[l-1 housekeeper][0;39m [36mcom.zaxxer.hikari.pool.HikariPool       [0;39m [2m:[0;39m HikariPool-1 - Pool stats (total=10, active=0, idle=10, waiting=0)
[2m2022-11-18 09:59:14.499[0;39m [32mDEBUG[0;39m [35m14892[0;39m [2m---[0;39m [2m[l-1 housekeeper][0;39m [36mcom.zaxxer.hikari.pool.HikariPool       [0;39m [2m:[0;39m HikariPool-1 - Fill pool skipped, pool is at sufficient level.
[2m2022-11-18 09:59:44.500[0;39m [32mDEBUG[0;39m [35m14892[0;39m [2m---[0;39m [2m[l-1 housekeeper][0;39m [36mcom.zaxxer.hikari.pool.HikariPool       [0;39m [2m:[0;39m HikariPool-1 - Pool stats (total=10, active=0, idle=10, waiting=0)
[2m2022-11-18 09:59:44.500[0;39m [32mDEBUG[0;39m [35m14892[0;39m [2m---[0;39m [2m[l-1 housekeeper][0;39m [36mcom.zaxxer.hikari.pool.HikariPool       [0;39m [2m:[0;39m HikariPool-1 - Fill pool skipped, pool is at sufficient level.
[2m2022-11-18 10:00:14.502[0;39m [32mDEBUG[0;39m [35m14892[0;39m [2m---[0;39m [2m[l-1 housekeeper][0;39m [36mcom.zaxxer.hikari.pool.HikariPool       [0;39m [2m:[0;39m HikariPool-1 - Pool stats (total=10, active=0, idle=10, waiting=0)
[2m2022-11-18 10:00:14.502[0;39m [32mDEBUG[0;39m [35m14892[0;39m [2m---[0;39m [2m[l-1 housekeeper][0;39m [36mcom.zaxxer.hikari.pool.HikariPool       [0;39m [2m:[0;39m HikariPool-1 - Fill pool skipped, pool is at sufficient level.
[2m2022-11-18 10:00:44.503[0;39m [32mDEBUG[0;39m [35m14892[0;39m [2m---[0;39m [2m[l-1 housekeeper][0;39m [36mcom.zaxxer.hikari.pool.HikariPool       [0;39m [2m:[0;39m HikariPool-1 - Pool stats (total=10, active=0, idle=10, waiting=0)
[2m2022-11-18 10:00:44.503[0;39m [32mDEBUG[0;39m [35m14892[0;39m [2m---[0;39m [2m[l-1 housekeeper][0;39m [36mcom.zaxxer.hikari.pool.HikariPool       [0;39m [2m:[0;39m HikariPool-1 - Fill pool skipped, pool is at sufficient level.
[2m2022-11-18 10:01:14.505[0;39m [32mDEBUG[0;39m [35m14892[0;39m [2m---[0;39m [2m[l-1 housekeeper][0;39m [36mcom.zaxxer.hikari.pool.HikariPool       [0;39m [2m:[0;39m HikariPool-1 - Pool stats (total=10, active=0, idle=10, waiting=0)
[2m2022-11-18 10:01:14.505[0;39m [32mDEBUG[0;39m [35m14892[0;39m [2m---[0;39m [2m[l-1 housekeeper][0;39m [36mcom.zaxxer.hikari.pool.HikariPool       [0;39m [2m:[0;39m HikariPool-1 - Fill pool skipped, pool is at sufficient level.
[2m2022-11-18 10:01:44.506[0;39m [32mDEBUG[0;39m [35m14892[0;39m [2m---[0;39m [2m[l-1 housekeeper][0;39m [36mcom.zaxxer.hikari.pool.HikariPool       [0;39m [2m:[0;39m HikariPool-1 - Pool stats (total=10, active=0, idle=10, waiting=0)
[2m2022-11-18 10:01:44.506[0;39m [32mDEBUG[0;39m [35m14892[0;39m [2m---[0;39m [2m[l-1 housekeeper][0;39m [36mcom.zaxxer.hikari.pool.HikariPool       [0;39m [2m:[0;39m HikariPool-1 - Fill pool skipped, pool is at sufficient level.
[2m2022-11-18 10:02:14.507[0;39m [32mDEBUG[0;39m [35m14892[0;39m [2m---[0;39m [2m[l-1 housekeeper][0;39m [36mcom.zaxxer.hikari.pool.HikariPool       [0;39m [2m:[0;39m HikariPool-1 - Pool stats (total=10, active=0, idle=10, waiting=0)
[2m2022-11-18 10:02:14.507[0;39m [32mDEBUG[0;39m [35m14892[0;39m [2m---[0;39m [2m[l-1 housekeeper][0;39m [36mcom.zaxxer.hikari.pool.HikariPool       [0;39m [2m:[0;39m HikariPool-1 - Fill pool skipped, pool is at sufficient level.
[2m2022-11-18 10:02:44.509[0;39m [32mDEBUG[0;39m [35m14892[0;39m [2m---[0;39m [2m[l-1 housekeeper][0;39m [36mcom.zaxxer.hikari.pool.HikariPool       [0;39m [2m:[0;39m HikariPool-1 - Pool stats (total=10, active=0, idle=10, waiting=0)
[2m2022-11-18 10:02:44.509[0;39m [32mDEBUG[0;39m [35m14892[0;39m [2m---[0;39m [2m[l-1 housekeeper][0;39m [36mcom.zaxxer.hikari.pool.HikariPool       [0;39m [2m:[0;39m HikariPool-1 - Fill pool skipped, pool is at sufficient level.
[2m2022-11-18 10:03:14.512[0;39m [32mDEBUG[0;39m [35m14892[0;39m [2m---[0;39m [2m[l-1 housekeeper][0;39m [36mcom.zaxxer.hikari.pool.HikariPool       [0;39m [2m:[0;39m HikariPool-1 - Pool stats (total=10, active=0, idle=10, waiting=0)
[2m2022-11-18 10:03:14.512[0;39m [32mDEBUG[0;39m [35m14892[0;39m [2m---[0;39m [2m[l-1 housekeeper][0;39m [36mcom.zaxxer.hikari.pool.HikariPool       [0;39m [2m:[0;39m HikariPool-1 - Fill pool skipped, pool is at sufficient level.
[2m2022-11-18 10:03:44.515[0;39m [32mDEBUG[0;39m [35m14892[0;39m [2m---[0;39m [2m[l-1 housekeeper][0;39m [36mcom.zaxxer.hikari.pool.HikariPool       [0;39m [2m:[0;39m HikariPool-1 - Pool stats (total=10, active=0, idle=10, waiting=0)
[2m2022-11-18 10:03:44.515[0;39m [32mDEBUG[0;39m [35m14892[0;39m [2m---[0;39m [2m[l-1 housekeeper][0;39m [36mcom.zaxxer.hikari.pool.HikariPool       [0;39m [2m:[0;39m HikariPool-1 - Fill pool skipped, pool is at sufficient level.
[2m2022-11-18 10:04:14.517[0;39m [32mDEBUG[0;39m [35m14892[0;39m [2m---[0;39m [2m[l-1 housekeeper][0;39m [36mcom.zaxxer.hikari.pool.HikariPool       [0;39m [2m:[0;39m HikariPool-1 - Pool stats (total=10, active=0, idle=10, waiting=0)
[2m2022-11-18 10:04:14.517[0;39m [32mDEBUG[0;39m [35m14892[0;39m [2m---[0;39m [2m[l-1 housekeeper][0;39m [36mcom.zaxxer.hikari.pool.HikariPool       [0;39m [2m:[0;39m HikariPool-1 - Fill pool skipped, pool is at sufficient level.
[2m2022-11-18 10:04:44.518[0;39m [32mDEBUG[0;39m [35m14892[0;39m [2m---[0;39m [2m[l-1 housekeeper][0;39m [36mcom.zaxxer.hikari.pool.HikariPool       [0;39m [2m:[0;39m HikariPool-1 - Pool stats (total=10, active=0, idle=10, waiting=0)
[2m2022-11-18 10:04:44.518[0;39m [32mDEBUG[0;39m [35m14892[0;39m [2m---[0;39m [2m[l-1 housekeeper][0;39m [36mcom.zaxxer.hikari.pool.HikariPool       [0;39m [2m:[0;39m HikariPool-1 - Fill pool skipped, pool is at sufficient level.
[2m2022-11-18 10:05:14.520[0;39m [32mDEBUG[0;39m [35m14892[0;39m [2m---[0;39m [2m[l-1 housekeeper][0;39m [36mcom.zaxxer.hikari.pool.HikariPool       [0;39m [2m:[0;39m HikariPool-1 - Pool stats (total=10, active=0, idle=10, waiting=0)
[2m2022-11-18 10:05:14.520[0;39m [32mDEBUG[0;39m [35m14892[0;39m [2m---[0;39m [2m[l-1 housekeeper][0;39m [36mcom.zaxxer.hikari.pool.HikariPool       [0;39m [2m:[0;39m HikariPool-1 - Fill pool skipped, pool is at sufficient level.
[2m2022-11-18 10:05:44.521[0;39m [32mDEBUG[0;39m [35m14892[0;39m [2m---[0;39m [2m[l-1 housekeeper][0;39m [36mcom.zaxxer.hikari.pool.HikariPool       [0;39m [2m:[0;39m HikariPool-1 - Pool stats (total=10, active=0, idle=10, waiting=0)
[2m2022-11-18 10:05:44.521[0;39m [32mDEBUG[0;39m [35m14892[0;39m [2m---[0;39m [2m[l-1 housekeeper][0;39m [36mcom.zaxxer.hikari.pool.HikariPool       [0;39m [2m:[0;39m HikariPool-1 - Fill pool skipped, pool is at sufficient level.
[2m2022-11-18 10:06:14.522[0;39m [32mDEBUG[0;39m [35m14892[0;39m [2m---[0;39m [2m[l-1 housekeeper][0;39m [36mcom.zaxxer.hikari.pool.HikariPool       [0;39m [2m:[0;39m HikariPool-1 - Pool stats (total=10, active=0, idle=10, waiting=0)
[2m2022-11-18 10:06:14.522[0;39m [32mDEBUG[0;39m [35m14892[0;39m [2m---[0;39m [2m[l-1 housekeeper][0;39m [36mcom.zaxxer.hikari.pool.HikariPool       [0;39m [2m:[0;39m HikariPool-1 - Fill pool skipped, pool is at sufficient level.
[2m2022-11-18 10:06:44.523[0;39m [32mDEBUG[0;39m [35m14892[0;39m [2m---[0;39m [2m[l-1 housekeeper][0;39m [36mcom.zaxxer.hikari.pool.HikariPool       [0;39m [2m:[0;39m HikariPool-1 - Pool stats (total=10, active=0, idle=10, waiting=0)
[2m2022-11-18 10:06:44.523[0;39m [32mDEBUG[0;39m [35m14892[0;39m [2m---[0;39m [2m[l-1 housekeeper][0;39m [36mcom.zaxxer.hikari.pool.HikariPool       [0;39m [2m:[0;39m HikariPool-1 - Fill pool skipped, pool is at sufficient level.
[2m2022-11-18 10:07:14.524[0;39m [32mDEBUG[0;39m [35m14892[0;39m [2m---[0;39m [2m[l-1 housekeeper][0;39m [36mcom.zaxxer.hikari.pool.HikariPool       [0;39m [2m:[0;39m HikariPool-1 - Pool stats (total=10, active=0, idle=10, waiting=0)
[2m2022-11-18 10:07:14.524[0;39m [32mDEBUG[0;39m [35m14892[0;39m [2m---[0;39m [2m[l-1 housekeeper][0;39m [36mcom.zaxxer.hikari.pool.HikariPool       [0;39m [2m:[0;39m HikariPool-1 - Fill pool skipped, pool is at sufficient level.
[2m2022-11-18 10:07:44.526[0;39m [32mDEBUG[0;39m [35m14892[0;39m [2m---[0;39m [2m[l-1 housekeeper][0;39m [36mcom.zaxxer.hikari.pool.HikariPool       [0;39m [2m:[0;39m HikariPool-1 - Pool stats (total=10, active=0, idle=10, waiting=0)
[2m2022-11-18 10:07:44.526[0;39m [32mDEBUG[0;39m [35m14892[0;39m [2m---[0;39m [2m[l-1 housekeeper][0;39m [36mcom.zaxxer.hikari.pool.HikariPool       [0;39m [2m:[0;39m HikariPool-1 - Fill pool skipped, pool is at sufficient level.
[2m2022-11-18 10:08:14.528[0;39m [32mDEBUG[0;39m [35m14892[0;39m [2m---[0;39m [2m[l-1 housekeeper][0;39m [36mcom.zaxxer.hikari.pool.HikariPool       [0;39m [2m:[0;39m HikariPool-1 - Pool stats (total=10, active=0, idle=10, waiting=0)
[2m2022-11-18 10:08:14.528[0;39m [32mDEBUG[0;39m [35m14892[0;39m [2m---[0;39m [2m[l-1 housekeeper][0;39m [36mcom.zaxxer.hikari.pool.HikariPool       [0;39m [2m:[0;39m HikariPool-1 - Fill pool skipped, pool is at sufficient level.
[2m2022-11-18 10:08:44.529[0;39m [32mDEBUG[0;39m [35m14892[0;39m [2m---[0;39m [2m[l-1 housekeeper][0;39m [36mcom.zaxxer.hikari.pool.HikariPool       [0;39m [2m:[0;39m HikariPool-1 - Pool stats (total=10, active=0, idle=10, waiting=0)
[2m2022-11-18 10:08:44.529[0;39m [32mDEBUG[0;39m [35m14892[0;39m [2m---[0;39m [2m[l-1 housekeeper][0;39m [36mcom.zaxxer.hikari.pool.HikariPool       [0;39m [2m:[0;39m HikariPool-1 - Fill pool skipped, pool is at sufficient level.
[2m2022-11-18 10:09:14.531[0;39m [32mDEBUG[0;39m [35m14892[0;39m [2m---[0;39m [2m[l-1 housekeeper][0;39m [36mcom.zaxxer.hikari.pool.HikariPool       [0;39m [2m:[0;39m HikariPool-1 - Pool stats (total=10, active=0, idle=10, waiting=0)
[2m2022-11-18 10:09:14.531[0;39m [32mDEBUG[0;39m [35m14892[0;39m [2m---[0;39m [2m[l-1 housekeeper][0;39m [36mcom.zaxxer.hikari.pool.HikariPool       [0;39m [2m:[0;39m HikariPool-1 - Fill pool skipped, pool is at sufficient level.
[2m2022-11-18 10:09:44.533[0;39m [32mDEBUG[0;39m [35m14892[0;39m [2m---[0;39m [2m[l-1 housekeeper][0;39m [36mcom.zaxxer.hikari.pool.HikariPool       [0;39m [2m:[0;39m HikariPool-1 - Pool stats (total=10, active=0, idle=10, waiting=0)
[2m2022-11-18 10:09:44.533[0;39m [32mDEBUG[0;39m [35m14892[0;39m [2m---[0;39m [2m[l-1 housekeeper][0;39m [36mcom.zaxxer.hikari.pool.HikariPool       [0;39m [2m:[0;39m HikariPool-1 - Fill pool skipped, pool is at sufficient level.
[2m2022-11-18 10:10:14.535[0;39m [32mDEBUG[0;39m [35m14892[0;39m [2m---[0;39m [2m[l-1 housekeeper][0;39m [36mcom.zaxxer.hikari.pool.HikariPool       [0;39m [2m:[0;39m HikariPool-1 - Pool stats (total=10, active=0, idle=10, waiting=0)
[2m2022-11-18 10:10:14.535[0;39m [32mDEBUG[0;39m [35m14892[0;39m [2m---[0;39m [2m[l-1 housekeeper][0;39m [36mcom.zaxxer.hikari.pool.HikariPool       [0;39m [2m:[0;39m HikariPool-1 - Fill pool skipped, pool is at sufficient level.
[2m2022-11-18 10:10:44.537[0;39m [32mDEBUG[0;39m [35m14892[0;39m [2m---[0;39m [2m[l-1 housekeeper][0;39m [36mcom.zaxxer.hikari.pool.HikariPool       [0;39m [2m:[0;39m HikariPool-1 - Pool stats (total=10, active=0, idle=10, waiting=0)
[2m2022-11-18 10:10:44.537[0;39m [32mDEBUG[0;39m [35m14892[0;39m [2m---[0;39m [2m[l-1 housekeeper][0;39m [36mcom.zaxxer.hikari.pool.HikariPool       [0;39m [2m:[0;39m HikariPool-1 - Fill pool skipped, pool is at sufficient level.
[2m2022-11-18 10:11:14.538[0;39m [32mDEBUG[0;39m [35m14892[0;39m [2m---[0;39m [2m[l-1 housekeeper][0;39m [36mcom.zaxxer.hikari.pool.HikariPool       [0;39m [2m:[0;39m HikariPool-1 - Pool stats (total=10, active=0, idle=10, waiting=0)
[2m2022-11-18 10:11:14.539[0;39m [32mDEBUG[0;39m [35m14892[0;39m [2m---[0;39m [2m[l-1 housekeeper][0;39m [36mcom.zaxxer.hikari.pool.HikariPool       [0;39m [2m:[0;39m HikariPool-1 - Fill pool skipped, pool is at sufficient level.
[2m2022-11-18 10:11:33.793[0;39m [32mDEBUG[0;39m [35m14892[0;39m [2m---[0;39m [2m[nnection closer][0;39m [36mcom.zaxxer.hikari.pool.PoolBase         [0;39m [2m:[0;39m HikariPool-1 - Closing connection com.mysql.cj.jdbc.ConnectionImpl@43e5c9b4: (connection has passed maxLifetime)
[2m2022-11-18 10:11:33.827[0;39m [32mDEBUG[0;39m [35m14892[0;39m [2m---[0;39m [2m[onnection adder][0;39m [36mcom.zaxxer.hikari.pool.HikariPool       [0;39m [2m:[0;39m HikariPool-1 - Added connection com.mysql.cj.jdbc.ConnectionImpl@341395ec
[2m2022-11-18 10:11:35.833[0;39m [32mDEBUG[0;39m [35m14892[0;39m [2m---[0;39m [2m[nnection closer][0;39m [36mcom.zaxxer.hikari.pool.PoolBase         [0;39m [2m:[0;39m HikariPool-1 - Closing connection com.mysql.cj.jdbc.ConnectionImpl@4d223fb8: (connection has passed maxLifetime)
[2m2022-11-18 10:11:35.867[0;39m [32mDEBUG[0;39m [35m14892[0;39m [2m---[0;39m [2m[onnection adder][0;39m [36mcom.zaxxer.hikari.pool.HikariPool       [0;39m [2m:[0;39m HikariPool-1 - Added connection com.mysql.cj.jdbc.ConnectionImpl@752e9fd7
[2m2022-11-18 10:11:37.193[0;39m [32mDEBUG[0;39m [35m14892[0;39m [2m---[0;39m [2m[nnection closer][0;39m [36mcom.zaxxer.hikari.pool.PoolBase         [0;39m [2m:[0;39m HikariPool-1 - Closing connection com.mysql.cj.jdbc.ConnectionImpl@491da2c4: (connection has passed maxLifetime)
[2m2022-11-18 10:11:37.215[0;39m [32mDEBUG[0;39m [35m14892[0;39m [2m---[0;39m [2m[onnection adder][0;39m [36mcom.zaxxer.hikari.pool.HikariPool       [0;39m [2m:[0;39m HikariPool-1 - Added connection com.mysql.cj.jdbc.ConnectionImpl@145085e2
[2m2022-11-18 10:11:42.044[0;39m [32mDEBUG[0;39m [35m14892[0;39m [2m---[0;39m [2m[nnection closer][0;39m [36mcom.zaxxer.hikari.pool.PoolBase         [0;39m [2m:[0;39m HikariPool-1 - Closing connection com.mysql.cj.jdbc.ConnectionImpl@c1f3583: (connection has passed maxLifetime)
[2m2022-11-18 10:11:42.068[0;39m [32mDEBUG[0;39m [35m14892[0;39m [2m---[0;39m [2m[onnection adder][0;39m [36mcom.zaxxer.hikari.pool.HikariPool       [0;39m [2m:[0;39m HikariPool-1 - Added connection com.mysql.cj.jdbc.ConnectionImpl@523c37ff
[2m2022-11-18 10:11:44.541[0;39m [32mDEBUG[0;39m [35m14892[0;39m [2m---[0;39m [2m[l-1 housekeeper][0;39m [36mcom.zaxxer.hikari.pool.HikariPool       [0;39m [2m:[0;39m HikariPool-1 - Pool stats (total=10, active=0, idle=10, waiting=0)
[2m2022-11-18 10:11:44.541[0;39m [32mDEBUG[0;39m [35m14892[0;39m [2m---[0;39m [2m[l-1 housekeeper][0;39m [36mcom.zaxxer.hikari.pool.HikariPool       [0;39m [2m:[0;39m HikariPool-1 - Fill pool skipped, pool is at sufficient level.
[2m2022-11-18 10:11:45.028[0;39m [32mDEBUG[0;39m [35m14892[0;39m [2m---[0;39m [2m[nnection closer][0;39m [36mcom.zaxxer.hikari.pool.PoolBase         [0;39m [2m:[0;39m HikariPool-1 - Closing connection com.mysql.cj.jdbc.ConnectionImpl@61dae5dd: (connection has passed maxLifetime)
[2m2022-11-18 10:11:45.055[0;39m [32mDEBUG[0;39m [35m14892[0;39m [2m---[0;39m [2m[onnection adder][0;39m [36mcom.zaxxer.hikari.pool.HikariPool       [0;39m [2m:[0;39m HikariPool-1 - Added connection com.mysql.cj.jdbc.ConnectionImpl@67a2df10
[2m2022-11-18 10:11:52.526[0;39m [32mDEBUG[0;39m [35m14892[0;39m [2m---[0;39m [2m[nnection closer][0;39m [36mcom.zaxxer.hikari.pool.PoolBase         [0;39m [2m:[0;39m HikariPool-1 - Closing connection com.mysql.cj.jdbc.ConnectionImpl@26fb1490: (connection has passed maxLifetime)
[2m2022-11-18 10:11:52.554[0;39m [32mDEBUG[0;39m [35m14892[0;39m [2m---[0;39m [2m[onnection adder][0;39m [36mcom.zaxxer.hikari.pool.HikariPool       [0;39m [2m:[0;39m HikariPool-1 - Added connection com.mysql.cj.jdbc.ConnectionImpl@7be5a835
[2m2022-11-18 10:11:55.518[0;39m [32mDEBUG[0;39m [35m14892[0;39m [2m---[0;39m [2m[nnection closer][0;39m [36mcom.zaxxer.hikari.pool.PoolBase         [0;39m [2m:[0;39m HikariPool-1 - Closing connection com.mysql.cj.jdbc.ConnectionImpl@283cee3f: (connection has passed maxLifetime)
[2m2022-11-18 10:11:55.544[0;39m [32mDEBUG[0;39m [35m14892[0;39m [2m---[0;39m [2m[onnection adder][0;39m [36mcom.zaxxer.hikari.pool.HikariPool       [0;39m [2m:[0;39m HikariPool-1 - Added connection com.mysql.cj.jdbc.ConnectionImpl@22adc324
[2m2022-11-18 10:11:56.216[0;39m [32mDEBUG[0;39m [35m14892[0;39m [2m---[0;39m [2m[nnection closer][0;39m [36mcom.zaxxer.hikari.pool.PoolBase         [0;39m [2m:[0;39m HikariPool-1 - Closing connection com.mysql.cj.jdbc.ConnectionImpl@2c037fe0: (connection has passed maxLifetime)
[2m2022-11-18 10:11:56.243[0;39m [32mDEBUG[0;39m [35m14892[0;39m [2m---[0;39m [2m[onnection adder][0;39m [36mcom.zaxxer.hikari.pool.HikariPool       [0;39m [2m:[0;39m HikariPool-1 - Added connection com.mysql.cj.jdbc.ConnectionImpl@11f548fb
[2m2022-11-18 10:11:59.941[0;39m [32mDEBUG[0;39m [35m14892[0;39m [2m---[0;39m [2m[nnection closer][0;39m [36mcom.zaxxer.hikari.pool.PoolBase         [0;39m [2m:[0;39m HikariPool-1 - Closing connection com.mysql.cj.jdbc.ConnectionImpl@6901e404: (connection has passed maxLifetime)
[2m2022-11-18 10:11:59.967[0;39m [32mDEBUG[0;39m [35m14892[0;39m [2m---[0;39m [2m[onnection adder][0;39m [36mcom.zaxxer.hikari.pool.HikariPool       [0;39m [2m:[0;39m HikariPool-1 - Added connection com.mysql.cj.jdbc.ConnectionImpl@791ab6e5
[2m2022-11-18 10:12:13.267[0;39m [32mDEBUG[0;39m [35m14892[0;39m [2m---[0;39m [2m[nnection closer][0;39m [36mcom.zaxxer.hikari.pool.PoolBase         [0;39m [2m:[0;39m HikariPool-1 - Closing connection com.mysql.cj.jdbc.ConnectionImpl@4ddde882: (connection has passed maxLifetime)
[2m2022-11-18 10:12:13.290[0;39m [32mDEBUG[0;39m [35m14892[0;39m [2m---[0;39m [2m[onnection adder][0;39m [36mcom.zaxxer.hikari.pool.HikariPool       [0;39m [2m:[0;39m HikariPool-1 - Added connection com.mysql.cj.jdbc.ConnectionImpl@6877f914
[2m2022-11-18 10:12:14.543[0;39m [32mDEBUG[0;39m [35m14892[0;39m [2m---[0;39m [2m[l-1 housekeeper][0;39m [36mcom.zaxxer.hikari.pool.HikariPool       [0;39m [2m:[0;39m HikariPool-1 - Pool stats (total=10, active=0, idle=10, waiting=0)
[2m2022-11-18 10:12:14.543[0;39m [32mDEBUG[0;39m [35m14892[0;39m [2m---[0;39m [2m[l-1 housekeeper][0;39m [36mcom.zaxxer.hikari.pool.HikariPool       [0;39m [2m:[0;39m HikariPool-1 - Fill pool skipped, pool is at sufficient level.
[2m2022-11-18 10:12:44.545[0;39m [32mDEBUG[0;39m [35m14892[0;39m [2m---[0;39m [2m[l-1 housekeeper][0;39m [36mcom.zaxxer.hikari.pool.HikariPool       [0;39m [2m:[0;39m HikariPool-1 - Pool stats (total=10, active=0, idle=10, waiting=0)
[2m2022-11-18 10:12:44.545[0;39m [32mDEBUG[0;39m [35m14892[0;39m [2m---[0;39m [2m[l-1 housekeeper][0;39m [36mcom.zaxxer.hikari.pool.HikariPool       [0;39m [2m:[0;39m HikariPool-1 - Fill pool skipped, pool is at sufficient level.
[2m2022-11-18 10:13:14.546[0;39m [32mDEBUG[0;39m [35m14892[0;39m [2m---[0;39m [2m[l-1 housekeeper][0;39m [36mcom.zaxxer.hikari.pool.HikariPool       [0;39m [2m:[0;39m HikariPool-1 - Pool stats (total=10, active=0, idle=10, waiting=0)
[2m2022-11-18 10:13:14.546[0;39m [32mDEBUG[0;39m [35m14892[0;39m [2m---[0;39m [2m[l-1 housekeeper][0;39m [36mcom.zaxxer.hikari.pool.HikariPool       [0;39m [2m:[0;39m HikariPool-1 - Fill pool skipped, pool is at sufficient level.
[2m2022-11-18 10:13:44.547[0;39m [32mDEBUG[0;39m [35m14892[0;39m [2m---[0;39m [2m[l-1 housekeeper][0;39m [36mcom.zaxxer.hikari.pool.HikariPool       [0;39m [2m:[0;39m HikariPool-1 - Pool stats (total=10, active=0, idle=10, waiting=0)
[2m2022-11-18 10:13:44.547[0;39m [32mDEBUG[0;39m [35m14892[0;39m [2m---[0;39m [2m[l-1 housekeeper][0;39m [36mcom.zaxxer.hikari.pool.HikariPool       [0;39m [2m:[0;39m HikariPool-1 - Fill pool skipped, pool is at sufficient level.
[2m2022-11-18 10:14:14.548[0;39m [32mDEBUG[0;39m [35m14892[0;39m [2m---[0;39m [2m[l-1 housekeeper][0;39m [36mcom.zaxxer.hikari.pool.HikariPool       [0;39m [2m:[0;39m HikariPool-1 - Pool stats (total=10, active=0, idle=10, waiting=0)
[2m2022-11-18 10:14:14.548[0;39m [32mDEBUG[0;39m [35m14892[0;39m [2m---[0;39m [2m[l-1 housekeeper][0;39m [36mcom.zaxxer.hikari.pool.HikariPool       [0;39m [2m:[0;39m HikariPool-1 - Fill pool skipped, pool is at sufficient level.
[2m2022-11-18 10:14:44.550[0;39m [32mDEBUG[0;39m [35m14892[0;39m [2m---[0;39m [2m[l-1 housekeeper][0;39m [36mcom.zaxxer.hikari.pool.HikariPool       [0;39m [2m:[0;39m HikariPool-1 - Pool stats (total=10, active=0, idle=10, waiting=0)
[2m2022-11-18 10:14:44.550[0;39m [32mDEBUG[0;39m [35m14892[0;39m [2m---[0;39m [2m[l-1 housekeeper][0;39m [36mcom.zaxxer.hikari.pool.HikariPool       [0;39m [2m:[0;39m HikariPool-1 - Fill pool skipped, pool is at sufficient level.
[2m2022-11-18 10:15:14.552[0;39m [32mDEBUG[0;39m [35m14892[0;39m [2m---[0;39m [2m[l-1 housekeeper][0;39m [36mcom.zaxxer.hikari.pool.HikariPool       [0;39m [2m:[0;39m HikariPool-1 - Pool stats (total=10, active=0, idle=10, waiting=0)
[2m2022-11-18 10:15:14.552[0;39m [32mDEBUG[0;39m [35m14892[0;39m [2m---[0;39m [2m[l-1 housekeeper][0;39m [36mcom.zaxxer.hikari.pool.HikariPool       [0;39m [2m:[0;39m HikariPool-1 - Fill pool skipped, pool is at sufficient level.
[2m2022-11-18 10:15:44.554[0;39m [32mDEBUG[0;39m [35m14892[0;39m [2m---[0;39m [2m[l-1 housekeeper][0;39m [36mcom.zaxxer.hikari.pool.HikariPool       [0;39m [2m:[0;39m HikariPool-1 - Pool stats (total=10, active=0, idle=10, waiting=0)
[2m2022-11-18 10:15:44.554[0;39m [32mDEBUG[0;39m [35m14892[0;39m [2m---[0;39m [2m[l-1 housekeeper][0;39m [36mcom.zaxxer.hikari.pool.HikariPool       [0;39m [2m:[0;39m HikariPool-1 - Fill pool skipped, pool is at sufficient level.
[2m2022-11-18 10:16:14.555[0;39m [32mDEBUG[0;39m [35m14892[0;39m [2m---[0;39m [2m[l-1 housekeeper][0;39m [36mcom.zaxxer.hikari.pool.HikariPool       [0;39m [2m:[0;39m HikariPool-1 - Pool stats (total=10, active=0, idle=10, waiting=0)
[2m2022-11-18 10:16:14.555[0;39m [32mDEBUG[0;39m [35m14892[0;39m [2m---[0;39m [2m[l-1 housekeeper][0;39m [36mcom.zaxxer.hikari.pool.HikariPool       [0;39m [2m:[0;39m HikariPool-1 - Fill pool skipped, pool is at sufficient level.
[2m2022-11-18 10:16:44.557[0;39m [32mDEBUG[0;39m [35m14892[0;39m [2m---[0;39m [2m[l-1 housekeeper][0;39m [36mcom.zaxxer.hikari.pool.HikariPool       [0;39m [2m:[0;39m HikariPool-1 - Pool stats (total=10, active=0, idle=10, waiting=0)
[2m2022-11-18 10:16:44.557[0;39m [32mDEBUG[0;39m [35m14892[0;39m [2m---[0;39m [2m[l-1 housekeeper][0;39m [36mcom.zaxxer.hikari.pool.HikariPool       [0;39m [2m:[0;39m HikariPool-1 - Fill pool skipped, pool is at sufficient level.
[2m2022-11-18 10:17:14.558[0;39m [32mDEBUG[0;39m [35m14892[0;39m [2m---[0;39m [2m[l-1 housekeeper][0;39m [36mcom.zaxxer.hikari.pool.HikariPool       [0;39m [2m:[0;39m HikariPool-1 - Pool stats (total=10, active=0, idle=10, waiting=0)
[2m2022-11-18 10:17:14.558[0;39m [32mDEBUG[0;39m [35m14892[0;39m [2m---[0;39m [2m[l-1 housekeeper][0;39m [36mcom.zaxxer.hikari.pool.HikariPool       [0;39m [2m:[0;39m HikariPool-1 - Fill pool skipped, pool is at sufficient level.
[2m2022-11-18 10:17:44.560[0;39m [32mDEBUG[0;39m [35m14892[0;39m [2m---[0;39m [2m[l-1 housekeeper][0;39m [36mcom.zaxxer.hikari.pool.HikariPool       [0;39m [2m:[0;39m HikariPool-1 - Pool stats (total=10, active=0, idle=10, waiting=0)
[2m2022-11-18 10:17:44.560[0;39m [32mDEBUG[0;39m [35m14892[0;39m [2m---[0;39m [2m[l-1 housekeeper][0;39m [36mcom.zaxxer.hikari.pool.HikariPool       [0;39m [2m:[0;39m HikariPool-1 - Fill pool skipped, pool is at sufficient level.
[2m2022-11-18 10:18:14.561[0;39m [32mDEBUG[0;39m [35m14892[0;39m [2m---[0;39m [2m[l-1 housekeeper][0;39m [36mcom.zaxxer.hikari.pool.HikariPool       [0;39m [2m:[0;39m HikariPool-1 - Pool stats (total=10, active=0, idle=10, waiting=0)
[2m2022-11-18 10:18:14.561[0;39m [32mDEBUG[0;39m [35m14892[0;39m [2m---[0;39m [2m[l-1 housekeeper][0;39m [36mcom.zaxxer.hikari.pool.HikariPool       [0;39m [2m:[0;39m HikariPool-1 - Fill pool skipped, pool is at sufficient level.
[2m2022-11-18 10:18:44.562[0;39m [32mDEBUG[0;39m [35m14892[0;39m [2m---[0;39m [2m[l-1 housekeeper][0;39m [36mcom.zaxxer.hikari.pool.HikariPool       [0;39m [2m:[0;39m HikariPool-1 - Pool stats (total=10, active=0, idle=10, waiting=0)
[2m2022-11-18 10:18:44.562[0;39m [32mDEBUG[0;39m [35m14892[0;39m [2m---[0;39m [2m[l-1 housekeeper][0;39m [36mcom.zaxxer.hikari.pool.HikariPool       [0;39m [2m:[0;39m HikariPool-1 - Fill pool skipped, pool is at sufficient level.
[2m2022-11-18 10:19:14.564[0;39m [32mDEBUG[0;39m [35m14892[0;39m [2m---[0;39m [2m[l-1 housekeeper][0;39m [36mcom.zaxxer.hikari.pool.HikariPool       [0;39m [2m:[0;39m HikariPool-1 - Pool stats (total=10, active=0, idle=10, waiting=0)
[2m2022-11-18 10:19:14.564[0;39m [32mDEBUG[0;39m [35m14892[0;39m [2m---[0;39m [2m[l-1 housekeeper][0;39m [36mcom.zaxxer.hikari.pool.HikariPool       [0;39m [2m:[0;39m HikariPool-1 - Fill pool skipped, pool is at sufficient level.
[2m2022-11-18 10:19:44.565[0;39m [32mDEBUG[0;39m [35m14892[0;39m [2m---[0;39m [2m[l-1 housekeeper][0;39m [36mcom.zaxxer.hikari.pool.HikariPool       [0;39m [2m:[0;39m HikariPool-1 - Pool stats (total=10, active=0, idle=10, waiting=0)
[2m2022-11-18 10:19:44.565[0;39m [32mDEBUG[0;39m [35m14892[0;39m [2m---[0;39m [2m[l-1 housekeeper][0;39m [36mcom.zaxxer.hikari.pool.HikariPool       [0;39m [2m:[0;39m HikariPool-1 - Fill pool skipped, pool is at sufficient level.
[2m2022-11-18 10:20:14.566[0;39m [32mDEBUG[0;39m [35m14892[0;39m [2m---[0;39m [2m[l-1 housekeeper][0;39m [36mcom.zaxxer.hikari.pool.HikariPool       [0;39m [2m:[0;39m HikariPool-1 - Pool stats (total=10, active=0, idle=10, waiting=0)
[2m2022-11-18 10:20:14.566[0;39m [32mDEBUG[0;39m [35m14892[0;39m [2m---[0;39m [2m[l-1 housekeeper][0;39m [36mcom.zaxxer.hikari.pool.HikariPool       [0;39m [2m:[0;39m HikariPool-1 - Fill pool skipped, pool is at sufficient level.
[2m2022-11-18 10:20:44.567[0;39m [32mDEBUG[0;39m [35m14892[0;39m [2m---[0;39m [2m[l-1 housekeeper][0;39m [36mcom.zaxxer.hikari.pool.HikariPool       [0;39m [2m:[0;39m HikariPool-1 - Pool stats (total=10, active=0, idle=10, waiting=0)
[2m2022-11-18 10:20:44.567[0;39m [32mDEBUG[0;39m [35m14892[0;39m [2m---[0;39m [2m[l-1 housekeeper][0;39m [36mcom.zaxxer.hikari.pool.HikariPool       [0;39m [2m:[0;39m HikariPool-1 - Fill pool skipped, pool is at sufficient level.
[2m2022-11-18 10:21:14.569[0;39m [32mDEBUG[0;39m [35m14892[0;39m [2m---[0;39m [2m[l-1 housekeeper][0;39m [36mcom.zaxxer.hikari.pool.HikariPool       [0;39m [2m:[0;39m HikariPool-1 - Pool stats (total=10, active=0, idle=10, waiting=0)
[2m2022-11-18 10:21:14.570[0;39m [32mDEBUG[0;39m [35m14892[0;39m [2m---[0;39m [2m[l-1 housekeeper][0;39m [36mcom.zaxxer.hikari.pool.HikariPool       [0;39m [2m:[0;39m HikariPool-1 - Fill pool skipped, pool is at sufficient level.
[2m2022-11-18 10:21:44.572[0;39m [32mDEBUG[0;39m [35m14892[0;39m [2m---[0;39m [2m[l-1 housekeeper][0;39m [36mcom.zaxxer.hikari.pool.HikariPool       [0;39m [2m:[0;39m HikariPool-1 - Pool stats (total=10, active=0, idle=10, waiting=0)
[2m2022-11-18 10:21:44.572[0;39m [32mDEBUG[0;39m [35m14892[0;39m [2m---[0;39m [2m[l-1 housekeeper][0;39m [36mcom.zaxxer.hikari.pool.HikariPool       [0;39m [2m:[0;39m HikariPool-1 - Fill pool skipped, pool is at sufficient level.
[2m2022-11-18 10:22:14.573[0;39m [32mDEBUG[0;39m [35m14892[0;39m [2m---[0;39m [2m[l-1 housekeeper][0;39m [36mcom.zaxxer.hikari.pool.HikariPool       [0;39m [2m:[0;39m HikariPool-1 - Pool stats (total=10, active=0, idle=10, waiting=0)
[2m2022-11-18 10:22:14.573[0;39m [32mDEBUG[0;39m [35m14892[0;39m [2m---[0;39m [2m[l-1 housekeeper][0;39m [36mcom.zaxxer.hikari.pool.HikariPool       [0;39m [2m:[0;39m HikariPool-1 - Fill pool skipped, pool is at sufficient level.
[2m2022-11-18 10:22:44.574[0;39m [32mDEBUG[0;39m [35m14892[0;39m [2m---[0;39m [2m[l-1 housekeeper][0;39m [36mcom.zaxxer.hikari.pool.HikariPool       [0;39m [2m:[0;39m HikariPool-1 - Pool stats (total=10, active=0, idle=10, waiting=0)
[2m2022-11-18 10:22:44.574[0;39m [32mDEBUG[0;39m [35m14892[0;39m [2m---[0;39m [2m[l-1 housekeeper][0;39m [36mcom.zaxxer.hikari.pool.HikariPool       [0;39m [2m:[0;39m HikariPool-1 - Fill pool skipped, pool is at sufficient level.
[2m2022-11-18 10:23:14.576[0;39m [32mDEBUG[0;39m [35m14892[0;39m [2m---[0;39m [2m[l-1 housekeeper][0;39m [36mcom.zaxxer.hikari.pool.HikariPool       [0;39m [2m:[0;39m HikariPool-1 - Pool stats (total=10, active=0, idle=10, waiting=0)
[2m2022-11-18 10:23:14.576[0;39m [32mDEBUG[0;39m [35m14892[0;39m [2m---[0;39m [2m[l-1 housekeeper][0;39m [36mcom.zaxxer.hikari.pool.HikariPool       [0;39m [2m:[0;39m HikariPool-1 - Fill pool skipped, pool is at sufficient level.
[2m2022-11-18 10:23:22.577[0;39m [32mDEBUG[0;39m [35m14892[0;39m [2m---[0;39m [2m[nio-9999-exec-5][0;39m [36mpertySourcedRequestMappingHandlerMapping[0;39m [2m:[0;39m looking up handler for path: /user/info/ssafy
[2m2022-11-18 10:23:22.589[0;39m [32mDEBUG[0;39m [35m14892[0;39m [2m---[0;39m [2m[nio-9999-exec-6][0;39m [36mpertySourcedRequestMappingHandlerMapping[0;39m [2m:[0;39m looking up handler for path: /user/info/ssafy
[2m2022-11-18 10:23:22.596[0;39m [31mERROR[0;39m [35m14892[0;39m [2m---[0;39m [2m[nio-9999-exec-6][0;39m [36mc.s.vue.model.service.JwtServiceImpl    [0;39m [2m:[0;39m JWT expired at 2022-11-18T09:42:24Z. Current time: 2022-11-18T10:23:22Z, a difference of 2458593 milliseconds.  Allowed clock skew: 0 milliseconds.
[2m2022-11-18 10:23:22.596[0;39m [31mERROR[0;39m [35m14892[0;39m [2m---[0;39m [2m[nio-9999-exec-6][0;39m [36mc.ssafy.vue.controller.MemberController [0;39m [2m:[0;39m 사용 불가능 토큰!!!
[2m2022-11-18 10:23:22.614[0;39m [32mDEBUG[0;39m [35m14892[0;39m [2m---[0;39m [2m[nio-9999-exec-7][0;39m [36mpertySourcedRequestMappingHandlerMapping[0;39m [2m:[0;39m looking up handler for path: /user/refresh
[2m2022-11-18 10:23:22.623[0;39m [32mDEBUG[0;39m [35m14892[0;39m [2m---[0;39m [2m[nio-9999-exec-8][0;39m [36mpertySourcedRequestMappingHandlerMapping[0;39m [2m:[0;39m looking up handler for path: /user/refresh
[2m2022-11-18 10:23:22.625[0;39m [32mDEBUG[0;39m [35m14892[0;39m [2m---[0;39m [2m[nio-9999-exec-8][0;39m [36mc.ssafy.vue.controller.MemberController [0;39m [2m:[0;39m token : eyJ0eXAiOiJKV1QiLCJyZWdEYXRlIjoxNjY4NzMyMTM0NTkzLCJhbGciOiJIUzI1NiJ9.eyJleHAiOjE2Njg3MzIxNjQsInN1YiI6InJlZnJlc2gtdG9rZW4iLCJ1c2VyaWQiOiJzc2FmeSJ9.ClSsNYg8vMxGFcKCAp_b7Uiqnok-UaVWWIMjJ-UjXgs, memberDto : com.ssafy.vue.model.MemberDto@b4c27cb
[2m2022-11-18 10:23:22.628[0;39m [31mERROR[0;39m [35m14892[0;39m [2m---[0;39m [2m[nio-9999-exec-8][0;39m [36mc.s.vue.model.service.JwtServiceImpl    [0;39m [2m:[0;39m JWT expired at 2022-11-18T09:42:44Z. Current time: 2022-11-18T10:23:22Z, a difference of 2438627 milliseconds.  Allowed clock skew: 0 milliseconds.
[2m2022-11-18 10:23:22.628[0;39m [32mDEBUG[0;39m [35m14892[0;39m [2m---[0;39m [2m[nio-9999-exec-8][0;39m [36mc.ssafy.vue.controller.MemberController [0;39m [2m:[0;39m 리프레쉬토큰도 사용불!!!!!!!
[2m2022-11-18 10:23:22.641[0;39m [32mDEBUG[0;39m [35m14892[0;39m [2m---[0;39m [2m[io-9999-exec-10][0;39m [36mpertySourcedRequestMappingHandlerMapping[0;39m [2m:[0;39m looking up handler for path: /user/logout/ssafy
[2m2022-11-18 10:23:22.649[0;39m [32mDEBUG[0;39m [35m14892[0;39m [2m---[0;39m [2m[nio-9999-exec-9][0;39m [36mpertySourcedRequestMappingHandlerMapping[0;39m [2m:[0;39m looking up handler for path: /user/logout/ssafy
[2m2022-11-18 10:23:22.652[0;39m [32mDEBUG[0;39m [35m14892[0;39m [2m---[0;39m [2m[nio-9999-exec-9][0;39m [36morg.mybatis.spring.SqlSessionUtils      [0;39m [2m:[0;39m Creating a new SqlSession
[2m2022-11-18 10:23:22.653[0;39m [32mDEBUG[0;39m [35m14892[0;39m [2m---[0;39m [2m[nio-9999-exec-9][0;39m [36morg.mybatis.spring.SqlSessionUtils      [0;39m [2m:[0;39m SqlSession [org.apache.ibatis.session.defaults.DefaultSqlSession@63e6e63e] was not registered for synchronization because synchronization is not active
[2m2022-11-18 10:23:22.655[0;39m [32mDEBUG[0;39m [35m14892[0;39m [2m---[0;39m [2m[nio-9999-exec-9][0;39m [36mo.m.s.t.SpringManagedTransaction        [0;39m [2m:[0;39m JDBC Connection [HikariProxyConnection@1830884402 wrapping com.mysql.cj.jdbc.ConnectionImpl@341395ec] will not be managed by Spring
[2m2022-11-18 10:23:22.666[0;39m [32mDEBUG[0;39m [35m14892[0;39m [2m---[0;39m [2m[nio-9999-exec-9][0;39m [36morg.mybatis.spring.SqlSessionUtils      [0;39m [2m:[0;39m Closing non transactional SqlSession [org.apache.ibatis.session.defaults.DefaultSqlSession@63e6e63e]
[2m2022-11-18 10:23:26.034[0;39m [32mDEBUG[0;39m [35m14892[0;39m [2m---[0;39m [2m[nio-9999-exec-1][0;39m [36mpertySourcedRequestMappingHandlerMapping[0;39m [2m:[0;39m looking up handler for path: /user/login
[2m2022-11-18 10:23:26.044[0;39m [32mDEBUG[0;39m [35m14892[0;39m [2m---[0;39m [2m[nio-9999-exec-2][0;39m [36mpertySourcedRequestMappingHandlerMapping[0;39m [2m:[0;39m looking up handler for path: /user/login
[2m2022-11-18 10:23:26.046[0;39m [32mDEBUG[0;39m [35m14892[0;39m [2m---[0;39m [2m[nio-9999-exec-2][0;39m [36morg.mybatis.spring.SqlSessionUtils      [0;39m [2m:[0;39m Creating a new SqlSession
[2m2022-11-18 10:23:26.046[0;39m [32mDEBUG[0;39m [35m14892[0;39m [2m---[0;39m [2m[nio-9999-exec-2][0;39m [36morg.mybatis.spring.SqlSessionUtils      [0;39m [2m:[0;39m SqlSession [org.apache.ibatis.session.defaults.DefaultSqlSession@7d5e981d] was not registered for synchronization because synchronization is not active
[2m2022-11-18 10:23:26.048[0;39m [32mDEBUG[0;39m [35m14892[0;39m [2m---[0;39m [2m[nio-9999-exec-2][0;39m [36mo.m.s.t.SpringManagedTransaction        [0;39m [2m:[0;39m JDBC Connection [HikariProxyConnection@1233556917 wrapping com.mysql.cj.jdbc.ConnectionImpl@341395ec] will not be managed by Spring
[2m2022-11-18 10:23:26.051[0;39m [32mDEBUG[0;39m [35m14892[0;39m [2m---[0;39m [2m[nio-9999-exec-2][0;39m [36morg.mybatis.spring.SqlSessionUtils      [0;39m [2m:[0;39m Closing non transactional SqlSession [org.apache.ibatis.session.defaults.DefaultSqlSession@7d5e981d]
[2m2022-11-18 10:23:26.053[0;39m [32mDEBUG[0;39m [35m14892[0;39m [2m---[0;39m [2m[nio-9999-exec-2][0;39m [36morg.mybatis.spring.SqlSessionUtils      [0;39m [2m:[0;39m Creating a new SqlSession
[2m2022-11-18 10:23:26.054[0;39m [32mDEBUG[0;39m [35m14892[0;39m [2m---[0;39m [2m[nio-9999-exec-2][0;39m [36morg.mybatis.spring.SqlSessionUtils      [0;39m [2m:[0;39m SqlSession [org.apache.ibatis.session.defaults.DefaultSqlSession@7d13e669] was not registered for synchronization because synchronization is not active
[2m2022-11-18 10:23:26.054[0;39m [32mDEBUG[0;39m [35m14892[0;39m [2m---[0;39m [2m[nio-9999-exec-2][0;39m [36mo.m.s.t.SpringManagedTransaction        [0;39m [2m:[0;39m JDBC Connection [HikariProxyConnection@1946425254 wrapping com.mysql.cj.jdbc.ConnectionImpl@341395ec] will not be managed by Spring
[2m2022-11-18 10:23:26.061[0;39m [32mDEBUG[0;39m [35m14892[0;39m [2m---[0;39m [2m[nio-9999-exec-2][0;39m [36morg.mybatis.spring.SqlSessionUtils      [0;39m [2m:[0;39m Closing non transactional SqlSession [org.apache.ibatis.session.defaults.DefaultSqlSession@7d13e669]
[2m2022-11-18 10:23:26.061[0;39m [32mDEBUG[0;39m [35m14892[0;39m [2m---[0;39m [2m[nio-9999-exec-2][0;39m [36mc.ssafy.vue.controller.MemberController [0;39m [2m:[0;39m 로그인 accessToken 정보 : eyJ0eXAiOiJKV1QiLCJyZWdEYXRlIjoxNjY4NzM0NjA2MDUxLCJhbGciOiJIUzI1NiJ9.eyJleHAiOjE2Njg3MzQ2MTYsInN1YiI6ImFjY2Vzcy10b2tlbiIsInVzZXJpZCI6InNzYWZ5In0.Ik5OPsyAo3UDcaFD8ScizfEFvmWg_JSHANHF-Vt1-1M
[2m2022-11-18 10:23:26.061[0;39m [32mDEBUG[0;39m [35m14892[0;39m [2m---[0;39m [2m[nio-9999-exec-2][0;39m [36mc.ssafy.vue.controller.MemberController [0;39m [2m:[0;39m 로그인 refreshToken 정보 : eyJ0eXAiOiJKV1QiLCJyZWdEYXRlIjoxNjY4NzM0NjA2MDUyLCJhbGciOiJIUzI1NiJ9.eyJleHAiOjE2Njg3MzQ2MzYsInN1YiI6InJlZnJlc2gtdG9rZW4iLCJ1c2VyaWQiOiJzc2FmeSJ9.o4mspDTz93sZ6vZ_GZ1rW21IdkcEGQhG2zXrWaZu_Wo
[2m2022-11-18 10:23:26.075[0;39m [32mDEBUG[0;39m [35m14892[0;39m [2m---[0;39m [2m[nio-9999-exec-3][0;39m [36mpertySourcedRequestMappingHandlerMapping[0;39m [2m:[0;39m looking up handler for path: /user/info/ssafy
[2m2022-11-18 10:23:26.084[0;39m [32mDEBUG[0;39m [35m14892[0;39m [2m---[0;39m [2m[nio-9999-exec-4][0;39m [36mpertySourcedRequestMappingHandlerMapping[0;39m [2m:[0;39m looking up handler for path: /user/info/ssafy
[2m2022-11-18 10:23:26.088[0;39m [32m INFO[0;39m [35m14892[0;39m [2m---[0;39m [2m[nio-9999-exec-4][0;39m [36mc.ssafy.vue.controller.MemberController [0;39m [2m:[0;39m 사용 가능한 토큰!!!
[2m2022-11-18 10:23:26.089[0;39m [32mDEBUG[0;39m [35m14892[0;39m [2m---[0;39m [2m[nio-9999-exec-4][0;39m [36morg.mybatis.spring.SqlSessionUtils      [0;39m [2m:[0;39m Creating a new SqlSession
[2m2022-11-18 10:23:26.089[0;39m [32mDEBUG[0;39m [35m14892[0;39m [2m---[0;39m [2m[nio-9999-exec-4][0;39m [36morg.mybatis.spring.SqlSessionUtils      [0;39m [2m:[0;39m SqlSession [org.apache.ibatis.session.defaults.DefaultSqlSession@46e4c5b8] was not registered for synchronization because synchronization is not active
[2m2022-11-18 10:23:26.089[0;39m [32mDEBUG[0;39m [35m14892[0;39m [2m---[0;39m [2m[nio-9999-exec-4][0;39m [36mo.m.s.t.SpringManagedTransaction        [0;39m [2m:[0;39m JDBC Connection [HikariProxyConnection@1210266388 wrapping com.mysql.cj.jdbc.ConnectionImpl@341395ec] will not be managed by Spring
[2m2022-11-18 10:23:26.092[0;39m [32mDEBUG[0;39m [35m14892[0;39m [2m---[0;39m [2m[nio-9999-exec-4][0;39m [36morg.mybatis.spring.SqlSessionUtils      [0;39m [2m:[0;39m Closing non transactional SqlSession [org.apache.ibatis.session.defaults.DefaultSqlSession@46e4c5b8]
[2m2022-11-18 10:23:44.577[0;39m [32mDEBUG[0;39m [35m14892[0;39m [2m---[0;39m [2m[l-1 housekeeper][0;39m [36mcom.zaxxer.hikari.pool.HikariPool       [0;39m [2m:[0;39m HikariPool-1 - Pool stats (total=10, active=0, idle=10, waiting=0)
[2m2022-11-18 10:23:44.578[0;39m [32mDEBUG[0;39m [35m14892[0;39m [2m---[0;39m [2m[l-1 housekeeper][0;39m [36mcom.zaxxer.hikari.pool.HikariPool       [0;39m [2m:[0;39m HikariPool-1 - Fill pool skipped, pool is at sufficient level.
[2m2022-11-18 10:24:14.581[0;39m [32mDEBUG[0;39m [35m14892[0;39m [2m---[0;39m [2m[l-1 housekeeper][0;39m [36mcom.zaxxer.hikari.pool.HikariPool       [0;39m [2m:[0;39m HikariPool-1 - Pool stats (total=10, active=0, idle=10, waiting=0)
[2m2022-11-18 10:24:14.581[0;39m [32mDEBUG[0;39m [35m14892[0;39m [2m---[0;39m [2m[l-1 housekeeper][0;39m [36mcom.zaxxer.hikari.pool.HikariPool       [0;39m [2m:[0;39m HikariPool-1 - Fill pool skipped, pool is at sufficient level.
[2m2022-11-18 10:24:44.582[0;39m [32mDEBUG[0;39m [35m14892[0;39m [2m---[0;39m [2m[l-1 housekeeper][0;39m [36mcom.zaxxer.hikari.pool.HikariPool       [0;39m [2m:[0;39m HikariPool-1 - Pool stats (total=10, active=0, idle=10, waiting=0)
[2m2022-11-18 10:24:44.582[0;39m [32mDEBUG[0;39m [35m14892[0;39m [2m---[0;39m [2m[l-1 housekeeper][0;39m [36mcom.zaxxer.hikari.pool.HikariPool       [0;39m [2m:[0;39m HikariPool-1 - Fill pool skipped, pool is at sufficient level.
[2m2022-11-18 10:25:14.584[0;39m [32mDEBUG[0;39m [35m14892[0;39m [2m---[0;39m [2m[l-1 housekeeper][0;39m [36mcom.zaxxer.hikari.pool.HikariPool       [0;39m [2m:[0;39m HikariPool-1 - Pool stats (total=10, active=0, idle=10, waiting=0)
[2m2022-11-18 10:25:14.584[0;39m [32mDEBUG[0;39m [35m14892[0;39m [2m---[0;39m [2m[l-1 housekeeper][0;39m [36mcom.zaxxer.hikari.pool.HikariPool       [0;39m [2m:[0;39m HikariPool-1 - Fill pool skipped, pool is at sufficient level.
[2m2022-11-18 10:25:44.585[0;39m [32mDEBUG[0;39m [35m14892[0;39m [2m---[0;39m [2m[l-1 housekeeper][0;39m [36mcom.zaxxer.hikari.pool.HikariPool       [0;39m [2m:[0;39m HikariPool-1 - Pool stats (total=10, active=0, idle=10, waiting=0)
[2m2022-11-18 10:25:44.585[0;39m [32mDEBUG[0;39m [35m14892[0;39m [2m---[0;39m [2m[l-1 housekeeper][0;39m [36mcom.zaxxer.hikari.pool.HikariPool       [0;39m [2m:[0;39m HikariPool-1 - Fill pool skipped, pool is at sufficient level.
[2m2022-11-18 10:26:14.587[0;39m [32mDEBUG[0;39m [35m14892[0;39m [2m---[0;39m [2m[l-1 housekeeper][0;39m [36mcom.zaxxer.hikari.pool.HikariPool       [0;39m [2m:[0;39m HikariPool-1 - Pool stats (total=10, active=0, idle=10, waiting=0)
[2m2022-11-18 10:26:14.587[0;39m [32mDEBUG[0;39m [35m14892[0;39m [2m---[0;39m [2m[l-1 housekeeper][0;39m [36mcom.zaxxer.hikari.pool.HikariPool       [0;39m [2m:[0;39m HikariPool-1 - Fill pool skipped, pool is at sufficient level.
[2m2022-11-18 10:26:44.588[0;39m [32mDEBUG[0;39m [35m14892[0;39m [2m---[0;39m [2m[l-1 housekeeper][0;39m [36mcom.zaxxer.hikari.pool.HikariPool       [0;39m [2m:[0;39m HikariPool-1 - Pool stats (total=10, active=0, idle=10, waiting=0)
[2m2022-11-18 10:26:44.588[0;39m [32mDEBUG[0;39m [35m14892[0;39m [2m---[0;39m [2m[l-1 housekeeper][0;39m [36mcom.zaxxer.hikari.pool.HikariPool       [0;39m [2m:[0;39m HikariPool-1 - Fill pool skipped, pool is at sufficient level.
[2m2022-11-18 10:27:14.590[0;39m [32mDEBUG[0;39m [35m14892[0;39m [2m---[0;39m [2m[l-1 housekeeper][0;39m [36mcom.zaxxer.hikari.pool.HikariPool       [0;39m [2m:[0;39m HikariPool-1 - Pool stats (total=10, active=0, idle=10, waiting=0)
[2m2022-11-18 10:27:14.590[0;39m [32mDEBUG[0;39m [35m14892[0;39m [2m---[0;39m [2m[l-1 housekeeper][0;39m [36mcom.zaxxer.hikari.pool.HikariPool       [0;39m [2m:[0;39m HikariPool-1 - Fill pool skipped, pool is at sufficient level.
[2m2022-11-18 10:27:44.591[0;39m [32mDEBUG[0;39m [35m14892[0;39m [2m---[0;39m [2m[l-1 housekeeper][0;39m [36mcom.zaxxer.hikari.pool.HikariPool       [0;39m [2m:[0;39m HikariPool-1 - Pool stats (total=10, active=0, idle=10, waiting=0)
[2m2022-11-18 10:27:44.591[0;39m [32mDEBUG[0;39m [35m14892[0;39m [2m---[0;39m [2m[l-1 housekeeper][0;39m [36mcom.zaxxer.hikari.pool.HikariPool       [0;39m [2m:[0;39m HikariPool-1 - Fill pool skipped, pool is at sufficient level.
[2m2022-11-18 10:28:14.593[0;39m [32mDEBUG[0;39m [35m14892[0;39m [2m---[0;39m [2m[l-1 housekeeper][0;39m [36mcom.zaxxer.hikari.pool.HikariPool       [0;39m [2m:[0;39m HikariPool-1 - Pool stats (total=10, active=0, idle=10, waiting=0)
[2m2022-11-18 10:28:14.593[0;39m [32mDEBUG[0;39m [35m14892[0;39m [2m---[0;39m [2m[l-1 housekeeper][0;39m [36mcom.zaxxer.hikari.pool.HikariPool       [0;39m [2m:[0;39m HikariPool-1 - Fill pool skipped, pool is at sufficient level.
[2m2022-11-18 10:28:44.594[0;39m [32mDEBUG[0;39m [35m14892[0;39m [2m---[0;39m [2m[l-1 housekeeper][0;39m [36mcom.zaxxer.hikari.pool.HikariPool       [0;39m [2m:[0;39m HikariPool-1 - Pool stats (total=10, active=0, idle=10, waiting=0)
[2m2022-11-18 10:28:44.594[0;39m [32mDEBUG[0;39m [35m14892[0;39m [2m---[0;39m [2m[l-1 housekeeper][0;39m [36mcom.zaxxer.hikari.pool.HikariPool       [0;39m [2m:[0;39m HikariPool-1 - Fill pool skipped, pool is at sufficient level.
[2m2022-11-18 10:29:14.596[0;39m [32mDEBUG[0;39m [35m14892[0;39m [2m---[0;39m [2m[l-1 housekeeper][0;39m [36mcom.zaxxer.hikari.pool.HikariPool       [0;39m [2m:[0;39m HikariPool-1 - Pool stats (total=10, active=0, idle=10, waiting=0)
[2m2022-11-18 10:29:14.596[0;39m [32mDEBUG[0;39m [35m14892[0;39m [2m---[0;39m [2m[l-1 housekeeper][0;39m [36mcom.zaxxer.hikari.pool.HikariPool       [0;39m [2m:[0;39m HikariPool-1 - Fill pool skipped, pool is at sufficient level.
[2m2022-11-18 10:29:44.598[0;39m [32mDEBUG[0;39m [35m14892[0;39m [2m---[0;39m [2m[l-1 housekeeper][0;39m [36mcom.zaxxer.hikari.pool.HikariPool       [0;39m [2m:[0;39m HikariPool-1 - Pool stats (total=10, active=0, idle=10, waiting=0)
[2m2022-11-18 10:29:44.598[0;39m [32mDEBUG[0;39m [35m14892[0;39m [2m---[0;39m [2m[l-1 housekeeper][0;39m [36mcom.zaxxer.hikari.pool.HikariPool       [0;39m [2m:[0;39m HikariPool-1 - Fill pool skipped, pool is at sufficient level.
[2m2022-11-18 10:29:47.592[0;39m [32m INFO[0;39m [35m14892[0;39m [2m---[0;39m [2m[n(57)-127.0.0.1][0;39m [36minMXBeanRegistrar$SpringApplicationAdmin[0;39m [2m:[0;39m Application shutdown requested.
[2m2022-11-18 10:29:49.882[0;39m [33m WARN[0;39m [35m14892[0;39m [2m---[0;39m [2m[n(57)-127.0.0.1][0;39m [36mo.a.c.loader.WebappClassLoaderBase      [0;39m [2m:[0;39m The web application [vue] appears to have started a thread named [HikariPool-1 housekeeper] but has failed to stop it. This is very likely to create a memory leak. Stack trace of thread:
 sun.misc.Unsafe.park(Native Method)
 java.util.concurrent.locks.LockSupport.parkNanos(LockSupport.java:215)
 java.util.concurrent.locks.AbstractQueuedSynchronizer$ConditionObject.awaitNanos(AbstractQueuedSynchronizer.java:2078)
 java.util.concurrent.ScheduledThreadPoolExecutor$DelayedWorkQueue.take(ScheduledThreadPoolExecutor.java:1093)
 java.util.concurrent.ScheduledThreadPoolExecutor$DelayedWorkQueue.take(ScheduledThreadPoolExecutor.java:809)
 java.util.concurrent.ThreadPoolExecutor.getTask(ThreadPoolExecutor.java:1074)
 java.util.concurrent.ThreadPoolExecutor.runWorker(ThreadPoolExecutor.java:1134)
 java.util.concurrent.ThreadPoolExecutor$Worker.run(ThreadPoolExecutor.java:624)
 java.lang.Thread.run(Thread.java:748)
[2m2022-11-18 10:29:49.904[0;39m [32m INFO[0;39m [35m14892[0;39m [2m---[0;39m [2m[n(57)-127.0.0.1][0;39m [36mcom.zaxxer.hikari.HikariDataSource      [0;39m [2m:[0;39m HikariPool-1 - Shutdown initiated...
[2m2022-11-18 10:29:49.905[0;39m [32mDEBUG[0;39m [35m14892[0;39m [2m---[0;39m [2m[n(57)-127.0.0.1][0;39m [36mcom.zaxxer.hikari.pool.HikariPool       [0;39m [2m:[0;39m HikariPool-1 - Before shutdown stats (total=10, active=0, idle=10, waiting=0)
[2m2022-11-18 10:29:49.906[0;39m [32mDEBUG[0;39m [35m14892[0;39m [2m---[0;39m [2m[nnection closer][0;39m [36mcom.zaxxer.hikari.pool.PoolBase         [0;39m [2m:[0;39m HikariPool-1 - Closing connection com.mysql.cj.jdbc.ConnectionImpl@341395ec: (connection evicted)
[2m2022-11-18 10:29:49.908[0;39m [32mDEBUG[0;39m [35m14892[0;39m [2m---[0;39m [2m[nnection closer][0;39m [36mcom.zaxxer.hikari.pool.PoolBase         [0;39m [2m:[0;39m HikariPool-1 - Closing connection com.mysql.cj.jdbc.ConnectionImpl@752e9fd7: (connection evicted)
[2m2022-11-18 10:29:49.910[0;39m [32mDEBUG[0;39m [35m14892[0;39m [2m---[0;39m [2m[nnection closer][0;39m [36mcom.zaxxer.hikari.pool.PoolBase         [0;39m [2m:[0;39m HikariPool-1 - Closing connection com.mysql.cj.jdbc.ConnectionImpl@145085e2: (connection evicted)
[2m2022-11-18 10:29:49.912[0;39m [32mDEBUG[0;39m [35m14892[0;39m [2m---[0;39m [2m[nnection closer][0;39m [36mcom.zaxxer.hikari.pool.PoolBase         [0;39m [2m:[0;39m HikariPool-1 - Closing connection com.mysql.cj.jdbc.ConnectionImpl@523c37ff: (connection evicted)
[2m2022-11-18 10:29:49.914[0;39m [32mDEBUG[0;39m [35m14892[0;39m [2m---[0;39m [2m[nnection closer][0;39m [36mcom.zaxxer.hikari.pool.PoolBase         [0;39m [2m:[0;39m HikariPool-1 - Closing connection com.mysql.cj.jdbc.ConnectionImpl@67a2df10: (connection evicted)
[2m2022-11-18 10:29:49.916[0;39m [32mDEBUG[0;39m [35m14892[0;39m [2m---[0;39m [2m[nnection closer][0;39m [36mcom.zaxxer.hikari.pool.PoolBase         [0;39m [2m:[0;39m HikariPool-1 - Closing connection com.mysql.cj.jdbc.ConnectionImpl@7be5a835: (connection evicted)
[2m2022-11-18 10:29:49.919[0;39m [32mDEBUG[0;39m [35m14892[0;39m [2m---[0;39m [2m[nnection closer][0;39m [36mcom.zaxxer.hikari.pool.PoolBase         [0;39m [2m:[0;39m HikariPool-1 - Closing connection com.mysql.cj.jdbc.ConnectionImpl@22adc324: (connection evicted)
[2m2022-11-18 10:29:49.921[0;39m [32mDEBUG[0;39m [35m14892[0;39m [2m---[0;39m [2m[nnection closer][0;39m [36mcom.zaxxer.hikari.pool.PoolBase         [0;39m [2m:[0;39m HikariPool-1 - Closing connection com.mysql.cj.jdbc.ConnectionImpl@11f548fb: (connection evicted)
[2m2022-11-18 10:29:49.923[0;39m [32mDEBUG[0;39m [35m14892[0;39m [2m---[0;39m [2m[nnection closer][0;39m [36mcom.zaxxer.hikari.pool.PoolBase         [0;39m [2m:[0;39m HikariPool-1 - Closing connection com.mysql.cj.jdbc.ConnectionImpl@791ab6e5: (connection evicted)
[2m2022-11-18 10:29:49.925[0;39m [32mDEBUG[0;39m [35m14892[0;39m [2m---[0;39m [2m[nnection closer][0;39m [36mcom.zaxxer.hikari.pool.PoolBase         [0;39m [2m:[0;39m HikariPool-1 - Closing connection com.mysql.cj.jdbc.ConnectionImpl@6877f914: (connection evicted)
[2m2022-11-18 10:29:49.928[0;39m [32mDEBUG[0;39m [35m14892[0;39m [2m---[0;39m [2m[n(57)-127.0.0.1][0;39m [36mcom.zaxxer.hikari.pool.HikariPool       [0;39m [2m:[0;39m HikariPool-1 - After shutdown stats (total=0, active=0, idle=0, waiting=0)
[2m2022-11-18 10:29:49.929[0;39m [32m INFO[0;39m [35m14892[0;39m [2m---[0;39m [2m[n(57)-127.0.0.1][0;39m [36mcom.zaxxer.hikari.HikariDataSource      [0;39m [2m:[0;39m HikariPool-1 - Shutdown completed.
[2m2022-11-18 10:43:02.954[0;39m [32m INFO[0;39m [35m13576[0;39m [2m---[0;39m [2m[           main][0;39m [36mo.s.b.w.embedded.tomcat.TomcatWebServer [0;39m [2m:[0;39m Tomcat initialized with port(s): 9999 (http)
[2m2022-11-18 10:43:03.175[0;39m [32m INFO[0;39m [35m13576[0;39m [2m---[0;39m [2m[           main][0;39m [36mw.s.c.ServletWebServerApplicationContext[0;39m [2m:[0;39m Root WebApplicationContext: initialization completed in 2869 ms
[2m2022-11-18 10:43:04.984[0;39m [32m INFO[0;39m [35m13576[0;39m [2m---[0;39m [2m[           main][0;39m [36mo.s.b.w.embedded.tomcat.TomcatWebServer [0;39m [2m:[0;39m Tomcat started on port(s): 9999 (http) with context path '/vue'
[2m2022-11-18 10:43:13.124[0;39m [32m INFO[0;39m [35m13576[0;39m [2m---[0;39m [2m[nio-9999-exec-1][0;39m [36mo.s.web.servlet.DispatcherServlet       [0;39m [2m:[0;39m Initializing Servlet 'dispatcherServlet'
[2m2022-11-18 10:43:13.127[0;39m [32m INFO[0;39m [35m13576[0;39m [2m---[0;39m [2m[nio-9999-exec-1][0;39m [36mo.s.web.servlet.DispatcherServlet       [0;39m [2m:[0;39m Completed initialization in 3 ms
[2m2022-11-18 10:43:17.666[0;39m [32mDEBUG[0;39m [35m13576[0;39m [2m---[0;39m [2m[nio-9999-exec-2][0;39m [36mc.ssafy.vue.controller.MemberController [0;39m [2m:[0;39m 로그인 accessToken 정보 : eyJ0eXAiOiJKV1QiLCJyZWdEYXRlIjoxNjY4NzM1Nzk3NjEwLCJhbGciOiJIUzI1NiJ9.eyJleHAiOjE2Njg3MzU4NTcsInN1YiI6ImFjY2Vzcy10b2tlbiIsInVzZXJpZCI6InNzYWZ5In0.Yyt9EIHDGEyHd0GtdDfHzUvZksvstoFZZNXPRo3ZeUA
[2m2022-11-18 10:43:17.669[0;39m [32mDEBUG[0;39m [35m13576[0;39m [2m---[0;39m [2m[nio-9999-exec-2][0;39m [36mc.ssafy.vue.controller.MemberController [0;39m [2m:[0;39m 로그인 refreshToken 정보 : eyJ0eXAiOiJKV1QiLCJyZWdEYXRlIjoxNjY4NzM1Nzk3NjU3LCJhbGciOiJIUzI1NiJ9.eyJleHAiOjE2Njk5NDUzOTcsInN1YiI6InJlZnJlc2gtdG9rZW4iLCJ1c2VyaWQiOiJzc2FmeSJ9.zcwR5KWYotZe2qWOqRcvm1UqDDTKjF27MaGc4owyNvU
[2m2022-11-18 10:43:17.724[0;39m [32m INFO[0;39m [35m13576[0;39m [2m---[0;39m [2m[nio-9999-exec-3][0;39m [36mc.ssafy.vue.controller.MemberController [0;39m [2m:[0;39m 사용 가능한 토큰!!!
[2m2022-11-18 10:43:19.174[0;39m [32m INFO[0;39m [35m13576[0;39m [2m---[0;39m [2m[nio-9999-exec-4][0;39m [36mc.ssafy.vue.controller.MemberController [0;39m [2m:[0;39m 사용 가능한 토큰!!!
[2m2022-11-18 13:11:10.180[0;39m [31mERROR[0;39m [35m13576[0;39m [2m---[0;39m [2m[nio-9999-exec-7][0;39m [36mc.s.vue.model.service.JwtServiceImpl    [0;39m [2m:[0;39m JWT expired at 2022-11-18T10:44:17Z. Current time: 2022-11-18T13:11:10Z, a difference of 8813174 milliseconds.  Allowed clock skew: 0 milliseconds.
[2m2022-11-18 13:11:10.183[0;39m [31mERROR[0;39m [35m13576[0;39m [2m---[0;39m [2m[nio-9999-exec-7][0;39m [36mc.ssafy.vue.controller.MemberController [0;39m [2m:[0;39m 사용 불가능 토큰!!!
[2m2022-11-18 13:11:10.251[0;39m [32mDEBUG[0;39m [35m13576[0;39m [2m---[0;39m [2m[nio-9999-exec-9][0;39m [36mc.ssafy.vue.controller.MemberController [0;39m [2m:[0;39m token : eyJ0eXAiOiJKV1QiLCJyZWdEYXRlIjoxNjY4NzM1Nzk3NjU3LCJhbGciOiJIUzI1NiJ9.eyJleHAiOjE2Njk5NDUzOTcsInN1YiI6InJlZnJlc2gtdG9rZW4iLCJ1c2VyaWQiOiJzc2FmeSJ9.zcwR5KWYotZe2qWOqRcvm1UqDDTKjF27MaGc4owyNvU, memberDto : com.ssafy.vue.model.MemberDto@52f90235
[2m2022-11-18 13:11:10.284[0;39m [32mDEBUG[0;39m [35m13576[0;39m [2m---[0;39m [2m[nio-9999-exec-9][0;39m [36mc.ssafy.vue.controller.MemberController [0;39m [2m:[0;39m token : eyJ0eXAiOiJKV1QiLCJyZWdEYXRlIjoxNjY4NzQ0NjcwMjgzLCJhbGciOiJIUzI1NiJ9.eyJleHAiOjE2Njg3NDQ3MzAsInN1YiI6ImFjY2Vzcy10b2tlbiIsInVzZXJpZCI6InNzYWZ5In0.CEol2dAOnOHVwJavIFMFbCcSMd-470TUeVpd6OibgWg
[2m2022-11-18 13:11:10.285[0;39m [32mDEBUG[0;39m [35m13576[0;39m [2m---[0;39m [2m[nio-9999-exec-9][0;39m [36mc.ssafy.vue.controller.MemberController [0;39m [2m:[0;39m 정상적으로 액세스토큰 재발급!!!
[2m2022-11-18 13:18:13.728[0;39m [31mERROR[0;39m [35m13576[0;39m [2m---[0;39m [2m[nio-9999-exec-1][0;39m [36mc.s.vue.model.service.JwtServiceImpl    [0;39m [2m:[0;39m JWT expired at 2022-11-18T13:12:10Z. Current time: 2022-11-18T13:18:13Z, a difference of 363728 milliseconds.  Allowed clock skew: 0 milliseconds.
[2m2022-11-18 13:18:13.729[0;39m [31mERROR[0;39m [35m13576[0;39m [2m---[0;39m [2m[nio-9999-exec-1][0;39m [36mc.ssafy.vue.controller.MemberController [0;39m [2m:[0;39m 사용 불가능 토큰!!!
[2m2022-11-18 13:18:13.854[0;39m [32mDEBUG[0;39m [35m13576[0;39m [2m---[0;39m [2m[nio-9999-exec-2][0;39m [36mc.ssafy.vue.controller.MemberController [0;39m [2m:[0;39m token : eyJ0eXAiOiJKV1QiLCJyZWdEYXRlIjoxNjY4NzM1Nzk3NjU3LCJhbGciOiJIUzI1NiJ9.eyJleHAiOjE2Njk5NDUzOTcsInN1YiI6InJlZnJlc2gtdG9rZW4iLCJ1c2VyaWQiOiJzc2FmeSJ9.zcwR5KWYotZe2qWOqRcvm1UqDDTKjF27MaGc4owyNvU, memberDto : com.ssafy.vue.model.MemberDto@15d3809c
[2m2022-11-18 13:18:13.863[0;39m [32mDEBUG[0;39m [35m13576[0;39m [2m---[0;39m [2m[nio-9999-exec-2][0;39m [36mc.ssafy.vue.controller.MemberController [0;39m [2m:[0;39m token : eyJ0eXAiOiJKV1QiLCJyZWdEYXRlIjoxNjY4NzQ1MDkzODYyLCJhbGciOiJIUzI1NiJ9.eyJleHAiOjE2Njg3NDUxNTMsInN1YiI6ImFjY2Vzcy10b2tlbiIsInVzZXJpZCI6InNzYWZ5In0.rfQ1fBd1qQCc_2PsHnwRVWnrmwJToc4V5ou6KqbE_rw
[2m2022-11-18 13:18:13.864[0;39m [32mDEBUG[0;39m [35m13576[0;39m [2m---[0;39m [2m[nio-9999-exec-2][0;39m [36mc.ssafy.vue.controller.MemberController [0;39m [2m:[0;39m 정상적으로 액세스토큰 재발급!!!
[2m2022-11-18 13:28:22.822[0;39m [31mERROR[0;39m [35m13576[0;39m [2m---[0;39m [2m[nio-9999-exec-4][0;39m [36mc.s.vue.model.service.JwtServiceImpl    [0;39m [2m:[0;39m JWT expired at 2022-11-18T13:19:13Z. Current time: 2022-11-18T13:28:22Z, a difference of 549822 milliseconds.  Allowed clock skew: 0 milliseconds.
[2m2022-11-18 13:28:22.823[0;39m [31mERROR[0;39m [35m13576[0;39m [2m---[0;39m [2m[nio-9999-exec-4][0;39m [36mc.ssafy.vue.controller.MemberController [0;39m [2m:[0;39m 사용 불가능 토큰!!!
[2m2022-11-18 13:28:23.174[0;39m [32mDEBUG[0;39m [35m13576[0;39m [2m---[0;39m [2m[nio-9999-exec-5][0;39m [36mc.ssafy.vue.controller.MemberController [0;39m [2m:[0;39m token : eyJ0eXAiOiJKV1QiLCJyZWdEYXRlIjoxNjY4NzM1Nzk3NjU3LCJhbGciOiJIUzI1NiJ9.eyJleHAiOjE2Njk5NDUzOTcsInN1YiI6InJlZnJlc2gtdG9rZW4iLCJ1c2VyaWQiOiJzc2FmeSJ9.zcwR5KWYotZe2qWOqRcvm1UqDDTKjF27MaGc4owyNvU, memberDto : com.ssafy.vue.model.MemberDto@39fb519f
[2m2022-11-18 13:28:23.183[0;39m [32mDEBUG[0;39m [35m13576[0;39m [2m---[0;39m [2m[nio-9999-exec-5][0;39m [36mc.ssafy.vue.controller.MemberController [0;39m [2m:[0;39m token : eyJ0eXAiOiJKV1QiLCJyZWdEYXRlIjoxNjY4NzQ1NzAzMTgyLCJhbGciOiJIUzI1NiJ9.eyJleHAiOjE2Njg3NDU3NjMsInN1YiI6ImFjY2Vzcy10b2tlbiIsInVzZXJpZCI6InNzYWZ5In0.4_DeiDoKhoGgmGZRr8vcydn3YrpDafzCND4gfv93HZU
[2m2022-11-18 13:28:23.183[0;39m [32mDEBUG[0;39m [35m13576[0;39m [2m---[0;39m [2m[nio-9999-exec-5][0;39m [36mc.ssafy.vue.controller.MemberController [0;39m [2m:[0;39m 정상적으로 액세스토큰 재발급!!!
[2m2022-11-18 13:37:19.319[0;39m [31mERROR[0;39m [35m13576[0;39m [2m---[0;39m [2m[nio-9999-exec-7][0;39m [36mc.s.vue.model.service.JwtServiceImpl    [0;39m [2m:[0;39m JWT expired at 2022-11-18T13:29:23Z. Current time: 2022-11-18T13:37:19Z, a difference of 476318 milliseconds.  Allowed clock skew: 0 milliseconds.
[2m2022-11-18 13:37:19.319[0;39m [31mERROR[0;39m [35m13576[0;39m [2m---[0;39m [2m[nio-9999-exec-7][0;39m [36mc.ssafy.vue.controller.MemberController [0;39m [2m:[0;39m 사용 불가능 토큰!!!
[2m2022-11-18 13:37:19.468[0;39m [32mDEBUG[0;39m [35m13576[0;39m [2m---[0;39m [2m[nio-9999-exec-8][0;39m [36mc.ssafy.vue.controller.MemberController [0;39m [2m:[0;39m token : eyJ0eXAiOiJKV1QiLCJyZWdEYXRlIjoxNjY4NzM1Nzk3NjU3LCJhbGciOiJIUzI1NiJ9.eyJleHAiOjE2Njk5NDUzOTcsInN1YiI6InJlZnJlc2gtdG9rZW4iLCJ1c2VyaWQiOiJzc2FmeSJ9.zcwR5KWYotZe2qWOqRcvm1UqDDTKjF27MaGc4owyNvU, memberDto : com.ssafy.vue.model.MemberDto@637a59ca
[2m2022-11-18 13:37:19.478[0;39m [32mDEBUG[0;39m [35m13576[0;39m [2m---[0;39m [2m[nio-9999-exec-8][0;39m [36mc.ssafy.vue.controller.MemberController [0;39m [2m:[0;39m token : eyJ0eXAiOiJKV1QiLCJyZWdEYXRlIjoxNjY4NzQ2MjM5NDc1LCJhbGciOiJIUzI1NiJ9.eyJleHAiOjE2Njg3NDYyOTksInN1YiI6ImFjY2Vzcy10b2tlbiIsInVzZXJpZCI6InNzYWZ5In0.5dVWq8jwTgxI7A7c35oLKzrdyLjM3m5ee7pI26P7kBI
[2m2022-11-18 13:37:19.479[0;39m [32mDEBUG[0;39m [35m13576[0;39m [2m---[0;39m [2m[nio-9999-exec-8][0;39m [36mc.ssafy.vue.controller.MemberController [0;39m [2m:[0;39m 정상적으로 액세스토큰 재발급!!!
[2m2022-11-18 13:51:29.372[0;39m [32mDEBUG[0;39m [35m13576[0;39m [2m---[0;39m [2m[nio-9999-exec-1][0;39m [36mc.ssafy.vue.controller.MemberController [0;39m [2m:[0;39m 로그인 accessToken 정보 : eyJ0eXAiOiJKV1QiLCJyZWdEYXRlIjoxNjY4NzQ3MDg5MzU4LCJhbGciOiJIUzI1NiJ9.eyJleHAiOjE2Njg3NDcxNDksInN1YiI6ImFjY2Vzcy10b2tlbiIsInVzZXJpZCI6InNzYWZ5In0.0GdO3TJOKt9VhIBfSsTSubnvvo4HoST2zxGMBE_yF4E
[2m2022-11-18 13:51:29.372[0;39m [32mDEBUG[0;39m [35m13576[0;39m [2m---[0;39m [2m[nio-9999-exec-1][0;39m [36mc.ssafy.vue.controller.MemberController [0;39m [2m:[0;39m 로그인 refreshToken 정보 : eyJ0eXAiOiJKV1QiLCJyZWdEYXRlIjoxNjY4NzQ3MDg5MzU5LCJhbGciOiJIUzI1NiJ9.eyJleHAiOjE2Njk5NTY2ODksInN1YiI6InJlZnJlc2gtdG9rZW4iLCJ1c2VyaWQiOiJzc2FmeSJ9.KZA-l9CrfiQWdEHxGIjHFzB6hh11U0PMpId1qRw4_hY
[2m2022-11-18 13:51:29.416[0;39m [32m INFO[0;39m [35m13576[0;39m [2m---[0;39m [2m[nio-9999-exec-3][0;39m [36mc.ssafy.vue.controller.MemberController [0;39m [2m:[0;39m 사용 가능한 토큰!!!
[2m2022-11-18 13:51:32.004[0;39m [32m INFO[0;39m [35m13576[0;39m [2m---[0;39m [2m[nio-9999-exec-4][0;39m [36mc.ssafy.vue.controller.MemberController [0;39m [2m:[0;39m 사용 가능한 토큰!!!
[2m2022-11-18 13:53:57.665[0;39m [31mERROR[0;39m [35m13576[0;39m [2m---[0;39m [2m[nio-9999-exec-6][0;39m [36mc.s.vue.model.service.JwtServiceImpl    [0;39m [2m:[0;39m JWT expired at 2022-11-18T13:52:29Z. Current time: 2022-11-18T13:53:57Z, a difference of 88665 milliseconds.  Allowed clock skew: 0 milliseconds.
[2m2022-11-18 13:53:57.665[0;39m [31mERROR[0;39m [35m13576[0;39m [2m---[0;39m [2m[nio-9999-exec-6][0;39m [36mc.ssafy.vue.controller.MemberController [0;39m [2m:[0;39m 사용 불가능 토큰!!!
[2m2022-11-18 13:53:57.700[0;39m [32mDEBUG[0;39m [35m13576[0;39m [2m---[0;39m [2m[nio-9999-exec-8][0;39m [36mc.ssafy.vue.controller.MemberController [0;39m [2m:[0;39m token : eyJ0eXAiOiJKV1QiLCJyZWdEYXRlIjoxNjY4NzQ3MDg5MzU5LCJhbGciOiJIUzI1NiJ9.eyJleHAiOjE2Njk5NTY2ODksInN1YiI6InJlZnJlc2gtdG9rZW4iLCJ1c2VyaWQiOiJzc2FmeSJ9.KZA-l9CrfiQWdEHxGIjHFzB6hh11U0PMpId1qRw4_hY, memberDto : com.ssafy.vue.model.MemberDto@2c80a1ee
[2m2022-11-18 13:53:57.705[0;39m [32mDEBUG[0;39m [35m13576[0;39m [2m---[0;39m [2m[nio-9999-exec-8][0;39m [36mc.ssafy.vue.controller.MemberController [0;39m [2m:[0;39m token : eyJ0eXAiOiJKV1QiLCJyZWdEYXRlIjoxNjY4NzQ3MjM3NzA0LCJhbGciOiJIUzI1NiJ9.eyJleHAiOjE2Njg3NDcyOTcsInN1YiI6ImFjY2Vzcy10b2tlbiIsInVzZXJpZCI6InNzYWZ5In0.w1pM1tNCssXGQX80GJBbjJE8O4VjYxLu5fHAGPX_WsA
[2m2022-11-18 13:53:57.706[0;39m [32mDEBUG[0;39m [35m13576[0;39m [2m---[0;39m [2m[nio-9999-exec-8][0;39m [36mc.ssafy.vue.controller.MemberController [0;39m [2m:[0;39m 정상적으로 액세스토큰 재발급!!!
[2m2022-11-18 13:55:12.859[0;39m [31mERROR[0;39m [35m13576[0;39m [2m---[0;39m [2m[nio-9999-exec-1][0;39m [36mc.s.vue.model.service.JwtServiceImpl    [0;39m [2m:[0;39m JWT expired at 2022-11-18T13:54:57Z. Current time: 2022-11-18T13:55:12Z, a difference of 15859 milliseconds.  Allowed clock skew: 0 milliseconds.
[2m2022-11-18 13:55:12.860[0;39m [31mERROR[0;39m [35m13576[0;39m [2m---[0;39m [2m[nio-9999-exec-1][0;39m [36mc.ssafy.vue.controller.MemberController [0;39m [2m:[0;39m 사용 불가능 토큰!!!
[2m2022-11-18 13:55:12.876[0;39m [32mDEBUG[0;39m [35m13576[0;39m [2m---[0;39m [2m[nio-9999-exec-2][0;39m [36mc.ssafy.vue.controller.MemberController [0;39m [2m:[0;39m token : eyJ0eXAiOiJKV1QiLCJyZWdEYXRlIjoxNjY4NzQ3MDg5MzU5LCJhbGciOiJIUzI1NiJ9.eyJleHAiOjE2Njk5NTY2ODksInN1YiI6InJlZnJlc2gtdG9rZW4iLCJ1c2VyaWQiOiJzc2FmeSJ9.KZA-l9CrfiQWdEHxGIjHFzB6hh11U0PMpId1qRw4_hY, memberDto : com.ssafy.vue.model.MemberDto@11b05c16
[2m2022-11-18 13:55:12.883[0;39m [32mDEBUG[0;39m [35m13576[0;39m [2m---[0;39m [2m[nio-9999-exec-2][0;39m [36mc.ssafy.vue.controller.MemberController [0;39m [2m:[0;39m token : eyJ0eXAiOiJKV1QiLCJyZWdEYXRlIjoxNjY4NzQ3MzEyODgyLCJhbGciOiJIUzI1NiJ9.eyJleHAiOjE2Njg3NDczNzIsInN1YiI6ImFjY2Vzcy10b2tlbiIsInVzZXJpZCI6InNzYWZ5In0.9lGM9eBYJNxIaJ6XiU_5KcvjTKiQcMNRCpX5lghAfIw
[2m2022-11-18 13:55:12.884[0;39m [32mDEBUG[0;39m [35m13576[0;39m [2m---[0;39m [2m[nio-9999-exec-2][0;39m [36mc.ssafy.vue.controller.MemberController [0;39m [2m:[0;39m 정상적으로 액세스토큰 재발급!!!
[2m2022-11-18 14:43:48.164[0;39m [31mERROR[0;39m [35m13576[0;39m [2m---[0;39m [2m[nio-9999-exec-7][0;39m [36mc.s.vue.model.service.JwtServiceImpl    [0;39m [2m:[0;39m JWT expired at 2022-11-18T13:38:19Z. Current time: 2022-11-18T14:43:48Z, a difference of 3929163 milliseconds.  Allowed clock skew: 0 milliseconds.
[2m2022-11-18 14:43:48.166[0;39m [31mERROR[0;39m [35m13576[0;39m [2m---[0;39m [2m[nio-9999-exec-7][0;39m [36mc.ssafy.vue.controller.MemberController [0;39m [2m:[0;39m 사용 불가능 토큰!!!
[2m2022-11-18 14:43:48.369[0;39m [32mDEBUG[0;39m [35m13576[0;39m [2m---[0;39m [2m[nio-9999-exec-9][0;39m [36mc.ssafy.vue.controller.MemberController [0;39m [2m:[0;39m token : eyJ0eXAiOiJKV1QiLCJyZWdEYXRlIjoxNjY4NzM1Nzk3NjU3LCJhbGciOiJIUzI1NiJ9.eyJleHAiOjE2Njk5NDUzOTcsInN1YiI6InJlZnJlc2gtdG9rZW4iLCJ1c2VyaWQiOiJzc2FmeSJ9.zcwR5KWYotZe2qWOqRcvm1UqDDTKjF27MaGc4owyNvU, memberDto : com.ssafy.vue.model.MemberDto@773fc888
[2m2022-11-18 15:33:31.553[0;39m [31mERROR[0;39m [35m13576[0;39m [2m---[0;39m [2m[nio-9999-exec-2][0;39m [36mc.s.vue.model.service.JwtServiceImpl    [0;39m [2m:[0;39m JWT expired at 2022-11-18T13:38:19Z. Current time: 2022-11-18T15:33:31Z, a difference of 6912552 milliseconds.  Allowed clock skew: 0 milliseconds.
[2m2022-11-18 15:33:31.554[0;39m [31mERROR[0;39m [35m13576[0;39m [2m---[0;39m [2m[nio-9999-exec-2][0;39m [36mc.ssafy.vue.controller.MemberController [0;39m [2m:[0;39m 사용 불가능 토큰!!!
[2m2022-11-18 15:33:31.865[0;39m [32mDEBUG[0;39m [35m13576[0;39m [2m---[0;39m [2m[nio-9999-exec-4][0;39m [36mc.ssafy.vue.controller.MemberController [0;39m [2m:[0;39m token : eyJ0eXAiOiJKV1QiLCJyZWdEYXRlIjoxNjY4NzM1Nzk3NjU3LCJhbGciOiJIUzI1NiJ9.eyJleHAiOjE2Njk5NDUzOTcsInN1YiI6InJlZnJlc2gtdG9rZW4iLCJ1c2VyaWQiOiJzc2FmeSJ9.zcwR5KWYotZe2qWOqRcvm1UqDDTKjF27MaGc4owyNvU, memberDto : com.ssafy.vue.model.MemberDto@26e663ef
[2m2022-11-18 15:35:09.443[0;39m [32mDEBUG[0;39m [35m13576[0;39m [2m---[0;39m [2m[nio-9999-exec-7][0;39m [36mc.ssafy.vue.controller.MemberController [0;39m [2m:[0;39m 로그인 accessToken 정보 : eyJ0eXAiOiJKV1QiLCJyZWdEYXRlIjoxNjY4NzUzMzA5NDMzLCJhbGciOiJIUzI1NiJ9.eyJleHAiOjE2Njg3NTMzNjksInN1YiI6ImFjY2Vzcy10b2tlbiIsInVzZXJpZCI6InNzYWZ5In0.F1qfDRp-DScC9TBAt4-wJDnDn2uTvsjZNll14vOos0k
[2m2022-11-18 15:35:09.444[0;39m [32mDEBUG[0;39m [35m13576[0;39m [2m---[0;39m [2m[nio-9999-exec-7][0;39m [36mc.ssafy.vue.controller.MemberController [0;39m [2m:[0;39m 로그인 refreshToken 정보 : eyJ0eXAiOiJKV1QiLCJyZWdEYXRlIjoxNjY4NzUzMzA5NDM0LCJhbGciOiJIUzI1NiJ9.eyJleHAiOjE2Njk5NjI5MDksInN1YiI6InJlZnJlc2gtdG9rZW4iLCJ1c2VyaWQiOiJzc2FmeSJ9.nKyfgYoXL0rzfR3RoIl2yuvMndMljS1cfEFsTeXRi5o
[2m2022-11-18 15:35:09.459[0;39m [32m INFO[0;39m [35m13576[0;39m [2m---[0;39m [2m[nio-9999-exec-8][0;39m [36mc.ssafy.vue.controller.MemberController [0;39m [2m:[0;39m 사용 가능한 토큰!!!
[2m2022-11-18 15:35:10.972[0;39m [32m INFO[0;39m [35m13576[0;39m [2m---[0;39m [2m[nio-9999-exec-9][0;39m [36mc.ssafy.vue.controller.MemberController [0;39m [2m:[0;39m 사용 가능한 토큰!!!
[2m2022-11-18 15:45:52.444[0;39m [31mERROR[0;39m [35m13576[0;39m [2m---[0;39m [2m[nio-9999-exec-1][0;39m [36mc.s.vue.model.service.JwtServiceImpl    [0;39m [2m:[0;39m JWT expired at 2022-11-18T15:36:09Z. Current time: 2022-11-18T15:45:52Z, a difference of 583443 milliseconds.  Allowed clock skew: 0 milliseconds.
[2m2022-11-18 15:45:52.444[0;39m [31mERROR[0;39m [35m13576[0;39m [2m---[0;39m [2m[nio-9999-exec-1][0;39m [36mc.ssafy.vue.controller.MemberController [0;39m [2m:[0;39m 사용 불가능 토큰!!!
[2m2022-11-18 15:45:52.644[0;39m [32mDEBUG[0;39m [35m13576[0;39m [2m---[0;39m [2m[nio-9999-exec-2][0;39m [36mc.ssafy.vue.controller.MemberController [0;39m [2m:[0;39m token : eyJ0eXAiOiJKV1QiLCJyZWdEYXRlIjoxNjY4NzUzMzA5NDM0LCJhbGciOiJIUzI1NiJ9.eyJleHAiOjE2Njk5NjI5MDksInN1YiI6InJlZnJlc2gtdG9rZW4iLCJ1c2VyaWQiOiJzc2FmeSJ9.nKyfgYoXL0rzfR3RoIl2yuvMndMljS1cfEFsTeXRi5o, memberDto : com.ssafy.vue.model.MemberDto@107a0c4a
[2m2022-11-18 15:45:52.652[0;39m [32mDEBUG[0;39m [35m13576[0;39m [2m---[0;39m [2m[nio-9999-exec-2][0;39m [36mc.ssafy.vue.controller.MemberController [0;39m [2m:[0;39m token : eyJ0eXAiOiJKV1QiLCJyZWdEYXRlIjoxNjY4NzUzOTUyNjUxLCJhbGciOiJIUzI1NiJ9.eyJleHAiOjE2Njg3NTQwMTIsInN1YiI6ImFjY2Vzcy10b2tlbiIsInVzZXJpZCI6InNzYWZ5In0.puxtiw8yQvz59JB451UwuXqKXhiapB67diq_g7NBulk
[2m2022-11-18 15:45:52.652[0;39m [32mDEBUG[0;39m [35m13576[0;39m [2m---[0;39m [2m[nio-9999-exec-2][0;39m [36mc.ssafy.vue.controller.MemberController [0;39m [2m:[0;39m 정상적으로 액세스토큰 재발급!!!
[2m2022-11-18 15:54:53.969[0;39m [31mERROR[0;39m [35m13576[0;39m [2m---[0;39m [2m[nio-9999-exec-4][0;39m [36mc.s.vue.model.service.JwtServiceImpl    [0;39m [2m:[0;39m JWT expired at 2022-11-18T15:46:52Z. Current time: 2022-11-18T15:54:53Z, a difference of 481968 milliseconds.  Allowed clock skew: 0 milliseconds.
[2m2022-11-18 15:54:53.969[0;39m [31mERROR[0;39m [35m13576[0;39m [2m---[0;39m [2m[nio-9999-exec-4][0;39m [36mc.ssafy.vue.controller.MemberController [0;39m [2m:[0;39m 사용 불가능 토큰!!!
[2m2022-11-18 15:54:54.140[0;39m [32mDEBUG[0;39m [35m13576[0;39m [2m---[0;39m [2m[nio-9999-exec-5][0;39m [36mc.ssafy.vue.controller.MemberController [0;39m [2m:[0;39m token : eyJ0eXAiOiJKV1QiLCJyZWdEYXRlIjoxNjY4NzUzMzA5NDM0LCJhbGciOiJIUzI1NiJ9.eyJleHAiOjE2Njk5NjI5MDksInN1YiI6InJlZnJlc2gtdG9rZW4iLCJ1c2VyaWQiOiJzc2FmeSJ9.nKyfgYoXL0rzfR3RoIl2yuvMndMljS1cfEFsTeXRi5o, memberDto : com.ssafy.vue.model.MemberDto@7601a2eb
[2m2022-11-18 15:54:54.149[0;39m [32mDEBUG[0;39m [35m13576[0;39m [2m---[0;39m [2m[nio-9999-exec-5][0;39m [36mc.ssafy.vue.controller.MemberController [0;39m [2m:[0;39m token : eyJ0eXAiOiJKV1QiLCJyZWdEYXRlIjoxNjY4NzU0NDk0MTQ5LCJhbGciOiJIUzI1NiJ9.eyJleHAiOjE2Njg3NTQ1NTQsInN1YiI6ImFjY2Vzcy10b2tlbiIsInVzZXJpZCI6InNzYWZ5In0.o45xnqKnFXuWwZuNDPTFEcSYY_dBV_KKplN0iejidwQ
[2m2022-11-18 15:54:54.150[0;39m [32mDEBUG[0;39m [35m13576[0;39m [2m---[0;39m [2m[nio-9999-exec-5][0;39m [36mc.ssafy.vue.controller.MemberController [0;39m [2m:[0;39m 정상적으로 액세스토큰 재발급!!!
[2m2022-11-18 16:01:24.220[0;39m [31mERROR[0;39m [35m13576[0;39m [2m---[0;39m [2m[nio-9999-exec-7][0;39m [36mc.s.vue.model.service.JwtServiceImpl    [0;39m [2m:[0;39m JWT expired at 2022-11-18T15:55:54Z. Current time: 2022-11-18T16:01:24Z, a difference of 330219 milliseconds.  Allowed clock skew: 0 milliseconds.
[2m2022-11-18 16:01:24.220[0;39m [31mERROR[0;39m [35m13576[0;39m [2m---[0;39m [2m[nio-9999-exec-7][0;39m [36mc.ssafy.vue.controller.MemberController [0;39m [2m:[0;39m 사용 불가능 토큰!!!
[2m2022-11-18 16:01:24.376[0;39m [32mDEBUG[0;39m [35m13576[0;39m [2m---[0;39m [2m[nio-9999-exec-8][0;39m [36mc.ssafy.vue.controller.MemberController [0;39m [2m:[0;39m token : eyJ0eXAiOiJKV1QiLCJyZWdEYXRlIjoxNjY4NzUzMzA5NDM0LCJhbGciOiJIUzI1NiJ9.eyJleHAiOjE2Njk5NjI5MDksInN1YiI6InJlZnJlc2gtdG9rZW4iLCJ1c2VyaWQiOiJzc2FmeSJ9.nKyfgYoXL0rzfR3RoIl2yuvMndMljS1cfEFsTeXRi5o, memberDto : com.ssafy.vue.model.MemberDto@7e8d7589
[2m2022-11-18 16:01:24.382[0;39m [32mDEBUG[0;39m [35m13576[0;39m [2m---[0;39m [2m[nio-9999-exec-8][0;39m [36mc.ssafy.vue.controller.MemberController [0;39m [2m:[0;39m token : eyJ0eXAiOiJKV1QiLCJyZWdEYXRlIjoxNjY4NzU0ODg0MzgxLCJhbGciOiJIUzI1NiJ9.eyJleHAiOjE2Njg3NTQ5NDQsInN1YiI6ImFjY2Vzcy10b2tlbiIsInVzZXJpZCI6InNzYWZ5In0.FQR6_hczQ7lpTNT0fS3ADmqqYiUZEE8orueJqSt82oQ
[2m2022-11-18 16:01:24.382[0;39m [32mDEBUG[0;39m [35m13576[0;39m [2m---[0;39m [2m[nio-9999-exec-8][0;39m [36mc.ssafy.vue.controller.MemberController [0;39m [2m:[0;39m 정상적으로 액세스토큰 재발급!!!
[2m2022-11-18 18:28:16.147[0;39m [32m INFO[0;39m [35m13576[0;39m [2m---[0;39m [2m[(472)-127.0.0.1][0;39m [36minMXBeanRegistrar$SpringApplicationAdmin[0;39m [2m:[0;39m Application shutdown requested.
[2m2022-11-18 18:28:19.216[0;39m [33m WARN[0;39m [35m13576[0;39m [2m---[0;39m [2m[(472)-127.0.0.1][0;39m [36mo.a.c.loader.WebappClassLoaderBase      [0;39m [2m:[0;39m The web application [vue] appears to have started a thread named [HikariPool-1 housekeeper] but has failed to stop it. This is very likely to create a memory leak. Stack trace of thread:
 sun.misc.Unsafe.park(Native Method)
 java.util.concurrent.locks.LockSupport.parkNanos(LockSupport.java:215)
 java.util.concurrent.locks.AbstractQueuedSynchronizer$ConditionObject.awaitNanos(AbstractQueuedSynchronizer.java:2078)
 java.util.concurrent.ScheduledThreadPoolExecutor$DelayedWorkQueue.take(ScheduledThreadPoolExecutor.java:1093)
 java.util.concurrent.ScheduledThreadPoolExecutor$DelayedWorkQueue.take(ScheduledThreadPoolExecutor.java:809)
 java.util.concurrent.ThreadPoolExecutor.getTask(ThreadPoolExecutor.java:1074)
 java.util.concurrent.ThreadPoolExecutor.runWorker(ThreadPoolExecutor.java:1134)
 java.util.concurrent.ThreadPoolExecutor$Worker.run(ThreadPoolExecutor.java:624)
 java.lang.Thread.run(Thread.java:748)
[2m2022-11-18 23:04:43.637[0;39m [32m INFO[0;39m [35m26108[0;39m [2m---[0;39m [2m[           main][0;39m [36mo.s.b.w.embedded.tomcat.TomcatWebServer [0;39m [2m:[0;39m Tomcat initialized with port(s): 9999 (http)
[2m2022-11-18 23:04:43.859[0;39m [32m INFO[0;39m [35m26108[0;39m [2m---[0;39m [2m[           main][0;39m [36mw.s.c.ServletWebServerApplicationContext[0;39m [2m:[0;39m Root WebApplicationContext: initialization completed in 2512 ms
[2m2022-11-18 23:04:45.529[0;39m [32m INFO[0;39m [35m26108[0;39m [2m---[0;39m [2m[           main][0;39m [36mo.s.b.w.embedded.tomcat.TomcatWebServer [0;39m [2m:[0;39m Tomcat started on port(s): 9999 (http) with context path '/vue'
[2m2022-11-18 23:22:16.869[0;39m [32m INFO[0;39m [35m26108[0;39m [2m---[0;39m [2m[nio-9999-exec-1][0;39m [36mo.s.web.servlet.DispatcherServlet       [0;39m [2m:[0;39m Initializing Servlet 'dispatcherServlet'
[2m2022-11-18 23:22:16.872[0;39m [32m INFO[0;39m [35m26108[0;39m [2m---[0;39m [2m[nio-9999-exec-1][0;39m [36mo.s.web.servlet.DispatcherServlet       [0;39m [2m:[0;39m Completed initialization in 3 ms
[2m2022-11-18 23:22:17.982[0;39m [32mDEBUG[0;39m [35m26108[0;39m [2m---[0;39m [2m[nio-9999-exec-2][0;39m [36mc.ssafy.vue.controller.MemberController [0;39m [2m:[0;39m 로그인 accessToken 정보 : eyJ0eXAiOiJKV1QiLCJyZWdEYXRlIjoxNjY4NzgxMzM3ODc5LCJhbGciOiJIUzI1NiJ9.eyJleHAiOjE2Njg3ODEzOTcsInN1YiI6ImFjY2Vzcy10b2tlbiIsInVzZXJpZCI6InNzYWZ5In0.SO_ljZlCte36GbC7KCkPhRqLp8fybabxsRnOuuYCnIY
[2m2022-11-18 23:22:17.985[0;39m [32mDEBUG[0;39m [35m26108[0;39m [2m---[0;39m [2m[nio-9999-exec-2][0;39m [36mc.ssafy.vue.controller.MemberController [0;39m [2m:[0;39m 로그인 refreshToken 정보 : eyJ0eXAiOiJKV1QiLCJyZWdEYXRlIjoxNjY4NzgxMzM3OTU5LCJhbGciOiJIUzI1NiJ9.eyJleHAiOjE2Njk5OTA5MzcsInN1YiI6InJlZnJlc2gtdG9rZW4iLCJ1c2VyaWQiOiJzc2FmeSJ9.RevRLM7QIG9eVIwCGG4b1j4a47f6w_VIQcP87d1EvTE
[2m2022-11-18 23:22:18.083[0;39m [32m INFO[0;39m [35m26108[0;39m [2m---[0;39m [2m[nio-9999-exec-4][0;39m [36mc.ssafy.vue.controller.MemberController [0;39m [2m:[0;39m 사용 가능한 토큰!!!
